TN:
SF:C:
Users
USER
Documents
UFMG
6
teste
testes_tp
build/C:/Qt/6.6.0/mingw_64/include/QtCore/qpair.h
FN:19,_Z9qMakePairIP15QTypedArrayDataI7QStringEPS1_EDcOT_OT0_
FNDA:0,_Z9qMakePairIP15QTypedArrayDataI7QStringEPS1_EDcOT_OT0_
DA:19,0
DA:22,0
end_of_record
SF:C:
Users
USER
Documents
UFMG
6
teste
testes_tp
build/C:/Qt/Tools/mingw1120_64/lib/gcc/x86_64-w64-mingw32/11.2.0/include/c++/bits/char_traits.h
FN:106,_ZN9__gnu_cxx11char_traitsIcE2eqERKcS3_
FNDA:0,_ZN9__gnu_cxx11char_traitsIcE2eqERKcS3_
FN:167,_ZN9__gnu_cxx11char_traitsIcE6lengthEPKc
FNDA:0,_ZN9__gnu_cxx11char_traitsIcE6lengthEPKc
FN:178,_ZN9__gnu_cxx11char_traitsIcE4findEPKcyRS2_
FNDA:0,_ZN9__gnu_cxx11char_traitsIcE4findEPKcyRS2_
FN:365,_ZNSt11char_traitsIcE6lengthEPKc
FNDA:0,_ZNSt11char_traitsIcE6lengthEPKc
FN:375,_ZNSt11char_traitsIcE4findEPKcyRS1_
FNDA:846,_ZNSt11char_traitsIcE4findEPKcyRS1_
DA:106,0
DA:107,0
DA:167,0
DA:170,0
DA:171,0
DA:172,0
DA:173,0
DA:178,0
DA:181,0
DA:182,0
DA:183,0
DA:184,0
DA:262,0
DA:365,0
DA:368,0
DA:369,0
DA:371,0
DA:375,846
DA:377,846
DA:378,0
DA:380,846
DA:382,846
DA:383,0
DA:385,846
end_of_record
SF:C:
Users
USER
Documents
UFMG
6
teste
testes_tp
build/C:/Qt/6.6.0/mingw_64/include/QtCore/qdebug.h
FN:87,_ZN6QDebug10maybeSpaceEv
FNDA:0,_ZN6QDebug10maybeSpaceEv
FN:116,_ZN6QDebuglsEPKc
FNDA:0,_ZN6QDebuglsEPKc
DA:87,0
DA:116,0
end_of_record
SF:C:
Users
USER
Documents
UFMG
6
teste
testes_tp
build/ui_adicionar_contato.h
FN:45,_ZN20Ui_adicionar_contato7setupUiEP7QDialog
FNDA:3,_ZN20Ui_adicionar_contato7setupUiEP7QDialog
FN:185,_ZN20Ui_adicionar_contato13retranslateUiEP7QDialog
FNDA:3,_ZN20Ui_adicionar_contato13retranslateUiEP7QDialog
DA:45,3
DA:47,3
DA:48,3
DA:49,3
DA:50,3
DA:51,3
DA:52,3
DA:53,3
DA:54,3
DA:55,3
DA:56,3
DA:57,3
DA:58,3
DA:59,3
DA:60,3
DA:61,3
DA:62,6
DA:63,3
DA:64,3
DA:65,3
DA:66,3
DA:67,3
DA:73,3
DA:75,3
DA:76,3
DA:77,3
DA:79,3
DA:82,3
DA:84,3
DA:85,3
DA:86,3
DA:87,3
DA:88,3
DA:89,6
DA:90,3
DA:91,3
DA:92,3
DA:98,3
DA:100,3
DA:101,3
DA:102,3
DA:104,3
DA:107,3
DA:109,3
DA:110,3
DA:111,3
DA:112,3
DA:113,3
DA:114,3
DA:120,3
DA:122,3
DA:123,3
DA:124,3
DA:126,3
DA:129,3
DA:131,3
DA:132,3
DA:133,3
DA:134,3
DA:135,3
DA:136,3
DA:141,3
DA:143,3
DA:144,3
DA:145,3
DA:147,3
DA:150,3
DA:152,3
DA:153,3
DA:154,3
DA:155,3
DA:156,3
DA:163,3
DA:165,3
DA:166,3
DA:167,3
DA:174,3
DA:177,3
DA:180,3
DA:182,3
DA:183,3
DA:185,3
DA:187,3
DA:188,3
DA:189,3
DA:190,3
DA:191,3
DA:192,3
DA:193,3
DA:194,3
DA:195,3
DA:196,3
DA:197,3
DA:198,3
DA:199,3
DA:200,3
DA:201,3
DA:202,3
end_of_record
SF:C:
Users
USER
Documents
UFMG
6
teste
testes_tp
build/C:/Qt/Tools/mingw1120_64/lib/gcc/x86_64-w64-mingw32/11.2.0/include/c++/initializer_list
FN:71,_ZNKSt16initializer_listI7QStringE4sizeEv
FNDA:0,_ZNKSt16initializer_listI7QStringE4sizeEv
FN:75,_ZNKSt16initializer_listI7QStringE5beginEv
FNDA:0,_ZNKSt16initializer_listI7QStringE5beginEv
FN:79,_ZNKSt16initializer_listI7QStringE3endEv
FNDA:0,_ZNKSt16initializer_listI7QStringE3endEv
DA:71,0
DA:75,0
DA:79,0
end_of_record
SF:C:
Users
USER
Documents
UFMG
6
teste
testes_tp
build/C:/Qt/6.6.0/mingw_64/include/QtCore/qbytearrayview.h
FN:67,_ZN9QtPrivateL19lengthHelperPointerIcEExPKT_
FNDA:0,_ZN9QtPrivateL19lengthHelperPointerIcEExPKT_
FN:116,_ZN14QByteArrayView21lengthHelperCharArrayEPKcy
FNDA:283,_ZN14QByteArrayView21lengthHelperCharArrayEPKcy
FN:126,_ZN14QByteArrayView10castHelperEPKc
FNDA:0,_ZN14QByteArrayView10castHelperEPKc
FN:136,_ZN14QByteArrayViewC1IcLb1EEEPKT_x
FNDA:0,_ZN14QByteArrayViewC1IcLb1EEEPKT_x
FN:149,_ZN14QByteArrayViewC1IPKcLb1EEERKT_
FNDA:0,_ZN14QByteArrayViewC1IPKcLb1EEERKT_
FN:166,_ZN14QByteArrayViewC1ILy135EEERAT__Kc
FNDA:62,_ZN14QByteArrayViewC1ILy135EEERAT__Kc
FN:166,_ZN14QByteArrayViewC1ILy106EEERAT__Kc
FNDA:8,_ZN14QByteArrayViewC1ILy106EEERAT__Kc
FN:166,_ZN14QByteArrayViewC1ILy23EEERAT__Kc
FNDA:20,_ZN14QByteArrayViewC1ILy23EEERAT__Kc
FN:166,_ZN14QByteArrayViewC1ILy107EEERAT__Kc
FNDA:12,_ZN14QByteArrayViewC1ILy107EEERAT__Kc
FN:166,_ZN14QByteArrayViewC1ILy12EEERAT__Kc
FNDA:10,_ZN14QByteArrayViewC1ILy12EEERAT__Kc
FN:166,_ZN14QByteArrayViewC1ILy221EEERAT__Kc
FNDA:9,_ZN14QByteArrayViewC1ILy221EEERAT__Kc
DA:67,0
DA:69,0
DA:116,283
DA:118,283
DA:119,283
DA:120,283
DA:126,0
DA:127,0
DA:136,0
DA:137,0
DA:138,0
DA:149,0
DA:151,0
DA:166,62
DA:167,62
DA:166,8
DA:167,8
DA:166,20
DA:167,20
DA:166,12
DA:167,12
DA:166,10
DA:167,10
DA:166,9
DA:167,9
end_of_record
SF:C:
Users
USER
Documents
UFMG
6
teste
testes_tp
build/C:/Qt/6.6.0/mingw_64/include/QtCore/qstring.h
FN:178,_ZN7QStringC1EOS_
FNDA:137,_ZN7QStringC1EOS_
FN:188,_ZNK7QString7isEmptyEv
FNDA:34,_ZNK7QString7isEmptyEv
FN:463,_ZN7QStringpLERKS_
FNDA:32,_ZN7QStringpLERKS_
FN:782,_ZN7QStringC1EPKc
FNDA:0,_ZN7QStringC1EPKc
FN:806,_ZN7QStringpLEPKc
FNDA:26,_ZN7QStringpLEPKc
FN:1107,_ZN7QStringC1ERKS_
FNDA:0,_ZN7QStringC1ERKS_
FN:1168,_ZN7QStringC1Ev
FNDA:0,_ZN7QStringC1Ev
FN:1169,_ZN7QStringD1Ev
FNDA:0,_ZN7QStringD1Ev
FN:1293,_ZplO7QStringRKS_
FNDA:22,_ZplO7QStringRKS_
FN:1304,_ZplO7QStringPKc
FNDA:26,_ZplO7QStringPKc
FN:1306,_ZplPKcRK7QString
FNDA:10,_ZplPKcRK7QString
DA:178,137
DA:188,34
DA:463,32
DA:782,0
DA:783,0
DA:784,0
DA:806,26
DA:807,26
DA:1107,0
DA:1108,0
DA:1168,0
DA:1169,0
DA:1293,22
DA:1294,22
DA:1304,26
DA:1305,26
DA:1306,10
DA:1307,10
end_of_record
SF:C:
Users
USER
Documents
UFMG
6
teste
testes_tp
build/C:/Qt/Tools/mingw1120_64/lib/gcc/x86_64-w64-mingw32/11.2.0/include/c++/bits/atomic_base.h
FN:104,_ZStanSt12memory_orderSt23__memory_order_modifier
FNDA:0,_ZStanSt12memory_orderSt23__memory_order_modifier
DA:104,0
DA:106,0
DA:477,0
DA:481,0
DA:636,0
DA:646,0
end_of_record
SF:C:
Users
USER
Documents
UFMG
6
teste
testes_tp
build/..
adicionar_contato.h
end_of_record
SF:C:
Users
USER
Documents
UFMG
6
teste
testes_tp
build/C:/Qt/Tools/mingw1120_64/lib/gcc/x86_64-w64-mingw32/11.2.0/include/c++/bits/stl_iterator_base_funcs.h
FN:98,_ZSt10__distanceIPKcENSt15iterator_traitsIT_E15difference_typeES3_S3_St26random_access_iterator_tag
FNDA:846,_ZSt10__distanceIPKcENSt15iterator_traitsIT_E15difference_typeES3_S3_St26random_access_iterator_tag
FN:138,_ZSt8distanceIPKcENSt15iterator_traitsIT_E15difference_typeES3_S3_
FNDA:846,_ZSt8distanceIPKcENSt15iterator_traitsIT_E15difference_typeES3_S3_
FN:174,_ZSt9__advanceIPKcxEvRT_T0_St26random_access_iterator_tag
FNDA:0,_ZSt9__advanceIPKcxEvRT_T0_St26random_access_iterator_tag
FN:202,_ZSt7advanceIPKcxEvRT_T0_
FNDA:0,_ZSt7advanceIPKcxEvRT_T0_
FN:213,_ZSt4nextIPKcET_S2_NSt15iterator_traitsIS2_E15difference_typeE
FNDA:0,_ZSt4nextIPKcET_S2_NSt15iterator_traitsIS2_E15difference_typeE
DA:98,846
DA:104,846
DA:138,846
DA:141,846
DA:142,1692
DA:174,0
DA:185,0
DA:186,0
DA:202,0
DA:205,0
DA:206,0
DA:207,0
DA:213,0
DA:218,0
DA:219,0
end_of_record
SF:C:
Users
USER
Documents
UFMG
6
teste
testes_tp
build/C:/Qt/6.6.0/mingw_64/include/QtCore/qflags.h
FN:73,_ZN6QFlagsIN2Qt13AlignmentFlagEEC1Ev
FNDA:218,_ZN6QFlagsIN2Qt13AlignmentFlagEEC1Ev
FN:73,_ZN6QFlagsIN2Qt10WindowTypeEEC1Ev
FNDA:0,_ZN6QFlagsIN2Qt10WindowTypeEEC1Ev
DA:73,218
DA:73,0
end_of_record
SF:C:
Users
USER
Documents
UFMG
6
teste
testes_tp
build/C:/Qt/6.6.0/mingw_64/include/QtCore/qsize.h
FN:118,_ZN5QSizeC1Eii
FNDA:0,_ZN5QSizeC1Eii
DA:118,0
end_of_record
SF:C:
Users
USER
Documents
UFMG
6
teste
testes_tp
build/C:/Qt/Tools/mingw1120_64/lib/gcc/x86_64-w64-mingw32/11.2.0/include/c++/bits/stl_construct.h
FN:135,_ZSt8_DestroyI7QStringEvPT_
FNDA:0,_ZSt8_DestroyI7QStringEvPT_
FN:149,_ZNSt12_Destroy_auxILb0EE9__destroyIP7QStringEEvT_S4_
FNDA:0,_ZNSt12_Destroy_auxILb0EE9__destroyIP7QStringEEvT_S4_
FN:171,_ZSt8_DestroyIP7QStringEvT_S2_
FNDA:0,_ZSt8_DestroyIP7QStringEvT_S2_
FN:240,_ZSt7destroyIP7QStringEvT_S2_
FNDA:0,_ZSt7destroyIP7QStringEvT_S2_
DA:135,0
DA:140,0
DA:142,0
DA:149,0
DA:151,0
DA:152,0
DA:153,0
DA:171,0
DA:185,0
DA:186,0
DA:240,0
DA:242,0
DA:243,0
end_of_record
SF:C:
Users
USER
Documents
UFMG
6
teste
testes_tp
build/C:/Qt/Tools/mingw1120_64/lib/gcc/x86_64-w64-mingw32/11.2.0/include/c++/bits/move.h
FN:49,_ZSt11__addressofI7QStringEPT_RS1_
FNDA:0,_ZSt11__addressofI7QStringEPT_RS1_
FN:77,_ZSt7forwardIP7QStringEOT_RNSt16remove_referenceIS2_E4typeE
FNDA:0,_ZSt7forwardIP7QStringEOT_RNSt16remove_referenceIS2_E4typeE
FN:77,_ZSt7forwardIP15QTypedArrayDataI7QStringEEOT_RNSt16remove_referenceIS4_E4typeE
FNDA:0,_ZSt7forwardIP15QTypedArrayDataI7QStringEEOT_RNSt16remove_referenceIS4_E4typeE
FN:104,_ZSt4moveIR7QStringEONSt16remove_referenceIT_E4typeEOS3_
FNDA:169,_ZSt4moveIR7QStringEONSt16remove_referenceIT_E4typeEOS3_
DA:49,0
DA:50,0
DA:77,0
DA:78,0
DA:77,0
DA:78,0
DA:104,169
DA:105,169
end_of_record
SF:C:
Users
USER
Documents
UFMG
6
teste
testes_tp
build/C:/Qt/6.6.0/mingw_64/include/QtCore/qarraydatapointer.h
FN:31,_ZN17QArrayDataPointerIDsEC1Ev
FNDA:0,_ZN17QArrayDataPointerIDsEC1Ev
FN:37,_ZN17QArrayDataPointerIDsEC1ERKS0_
FNDA:0,_ZN17QArrayDataPointerIDsEC1ERKS0_
FN:50,_ZN17QArrayDataPointerI7QStringEC1ESt4pairIP15QTypedArrayDataIS0_EPS0_Ex
FNDA:0,_ZN17QArrayDataPointerI7QStringEC1ESt4pairIP15QTypedArrayDataIS0_EPS0_Ex
FN:70,_ZN17QArrayDataPointerIDsEC1EOS0_
FNDA:137,_ZN17QArrayDataPointerIDsEC1EOS0_
FN:85,_ZN17QArrayDataPointerIDsEptEv
FNDA:0,_ZN17QArrayDataPointerIDsEptEv
FN:85,_ZN17QArrayDataPointerI7QStringEptEv
FNDA:0,_ZN17QArrayDataPointerI7QStringEptEv
FN:100,_ZN17QArrayDataPointerIDsED1Ev
FNDA:0,_ZN17QArrayDataPointerIDsED1Ev
FN:100,_ZN17QArrayDataPointerI7QStringED1Ev
FNDA:0,_ZN17QArrayDataPointerI7QStringED1Ev
FN:113,_ZN17QArrayDataPointerI7QStringE4dataEv
FNDA:0,_ZN17QArrayDataPointerI7QStringE4dataEv
FN:116,_ZN17QArrayDataPointerI7QStringE5beginEv
FNDA:0,_ZN17QArrayDataPointerI7QStringE5beginEv
FN:117,_ZN17QArrayDataPointerI7QStringE3endEv
FNDA:0,_ZN17QArrayDataPointerI7QStringE3endEv
FN:412,_ZN17QArrayDataPointerIDsE3refEv
FNDA:0,_ZN17QArrayDataPointerIDsE3refEv
FN:413,_ZN17QArrayDataPointerI7QStringE5derefEv
FNDA:0,_ZN17QArrayDataPointerI7QStringE5derefEv
FN:413,_ZN17QArrayDataPointerIDsE5derefEv
FNDA:0,_ZN17QArrayDataPointerIDsE5derefEv
FN:414,_ZNK17QArrayDataPointerI7QStringE9isMutableEv
FNDA:0,_ZNK17QArrayDataPointerI7QStringE9isMutableEv
FN:415,_ZNK17QArrayDataPointerI7QStringE8isSharedEv
FNDA:0,_ZNK17QArrayDataPointerI7QStringE8isSharedEv
FN:426,_ZNK17QArrayDataPointerI7QStringE16freeSpaceAtBeginEv
FNDA:0,_ZNK17QArrayDataPointerI7QStringE16freeSpaceAtBeginEv
FN:433,_ZNK17QArrayDataPointerI7QStringE14freeSpaceAtEndEv
FNDA:0,_ZNK17QArrayDataPointerI7QStringE14freeSpaceAtEndEv
DA:31,0
DA:32,0
DA:34,0
DA:37,0
DA:38,0
DA:40,0
DA:41,0
DA:50,0
DA:51,0
DA:53,0
DA:70,137
DA:71,137
DA:73,137
DA:74,137
DA:75,137
DA:76,137
DA:85,0
DA:87,0
DA:85,0
DA:87,0
DA:100,0
DA:102,0
DA:103,0
DA:104,0
DA:106,0
DA:100,0
DA:102,0
DA:103,0
DA:104,0
DA:106,0
DA:113,0
DA:116,0
DA:117,0
DA:412,0
DA:413,0
DA:413,0
DA:414,0
DA:415,0
DA:426,0
DA:428,0
DA:429,0
DA:430,0
DA:433,0
DA:435,0
DA:436,0
DA:437,0
end_of_record
SF:C:
Users
USER
Documents
UFMG
6
teste
testes_tp
build/C:/Qt/6.6.0/mingw_64/include/QtGui/qfont.h
FN:314,_ZN5QFont7setBoldEb
FNDA:5,_ZN5QFont7setBoldEb
FN:322,_ZN5QFont9setItalicEb
FNDA:5,_ZN5QFont9setItalicEb
DA:314,5
DA:315,5
DA:322,5
DA:323,5
DA:324,5
end_of_record
SF:C:
Users
USER
Documents
UFMG
6
teste
testes_tp
build/C:/Qt/6.6.0/mingw_64/include/QtCore/qlist.h
FN:283,_ZN5QListI7QStringEC1ESt16initializer_listIS0_E
FNDA:0,_ZN5QListI7QStringEC1ESt16initializer_listIS0_E
DA:283,0
DA:284,0
DA:286,0
DA:287,0
DA:288,0
end_of_record
SF:C:
Users
USER
Documents
UFMG
6
teste
testes_tp
build/C:/Qt/Tools/mingw1120_64/lib/gcc/x86_64-w64-mingw32/11.2.0/include/c++/new
FN:174,_ZnwyPv
FNDA:0,_ZnwyPv
DA:174,0
DA:175,0
end_of_record
SF:C:
Users
USER
Documents
UFMG
6
teste
testes_tp
build/..
adicionar_contato.cpp
FN:4,_ZN17adicionar_contatoC2EP7QWidget
FNDA:3,_ZN17adicionar_contatoC2EP7QWidget
FN:11,_ZN17adicionar_contatoD0Ev
FNDA:0,_ZN17adicionar_contatoD0Ev
FN:11,_ZN17adicionar_contatoD2Ev
FNDA:3,_ZN17adicionar_contatoD2Ev
FN:16,_ZN17adicionar_contato20on_adicionar_clickedEv
FNDA:2,_ZN17adicionar_contato20on_adicionar_clickedEv
FN:43,_ZN17adicionar_contato19on_cancelar_clickedEv
FNDA:0,_ZN17adicionar_contato19on_cancelar_clickedEv
FN:48,_ZNK17adicionar_contato26get_adicionar_query_resultEv
FNDA:2,_ZNK17adicionar_contato26get_adicionar_query_resultEv
DA:4,3
DA:6,3
DA:8,3
DA:9,3
DA:11,0
DA:14,0
DA:11,3
DA:13,3
DA:14,3
DA:16,2
DA:18,2
DA:19,2
DA:20,2
DA:21,2
DA:22,2
DA:24,4
DA:26,2
DA:27,2
DA:28,2
DA:29,2
DA:30,2
DA:31,2
DA:32,2
DA:33,2
DA:34,2
DA:37,0
DA:39,2
DA:40,2
DA:43,0
DA:45,0
DA:46,0
DA:48,2
DA:49,2
end_of_record
SF:C:
Users
USER
Documents
UFMG
6
teste
testes_tp
build/C:/Qt/6.6.0/mingw_64/include/QtCore/qlogging.h
FN:43,_ZN18QMessageLogContextC1EPKciS1_S1_
FNDA:0,_ZN18QMessageLogContextC1EPKciS1_S1_
FN:72,_ZN14QMessageLoggerC1EPKciS1_
FNDA:0,_ZN14QMessageLoggerC1EPKciS1_
DA:43,0
DA:44,0
DA:72,0
DA:73,0
end_of_record
SF:C:
Users
USER
Documents
UFMG
6
teste
testes_tp
build/C:/Qt/Tools/mingw1120_64/lib/gcc/x86_64-w64-mingw32/11.2.0/include/c++/bits/stl_iterator_base_types.h
FN:238,_ZSt19__iterator_categoryIPKcENSt15iterator_traitsIT_E17iterator_categoryERKS3_
FNDA:846,_ZSt19__iterator_categoryIPKcENSt15iterator_traitsIT_E17iterator_categoryERKS3_
DA:238,846
DA:239,846
end_of_record
SF:C:
Users
USER
Documents
UFMG
6
teste
testes_tp
build/C:/Qt/6.6.0/mingw_64/include/QtCore/qbasicatomic.h
FN:38,_ZNK19QBasicAtomicIntegerIiE11loadRelaxedEv
FNDA:0,_ZNK19QBasicAtomicIntegerIiE11loadRelaxedEv
FN:49,_ZN19QBasicAtomicIntegerIiE3refEv
FNDA:0,_ZN19QBasicAtomicIntegerIiE3refEv
FN:50,_ZN19QBasicAtomicIntegerIiE5derefEv
FNDA:0,_ZN19QBasicAtomicIntegerIiE5derefEv
DA:38,0
DA:49,0
DA:50,0
end_of_record
SF:C:
Users
USER
Documents
UFMG
6
teste
testes_tp
build/C:/Qt/6.6.0/mingw_64/include/QtCore/qrect.h
FN:154,_ZN5QRectC1Eiiii
FNDA:0,_ZN5QRectC1Eiiii
DA:154,0
DA:155,0
end_of_record
SF:C:
Users
USER
Documents
UFMG
6
teste
testes_tp
build/C:/Qt/6.6.0/mingw_64/include/QtCore/qarraydata.h
FN:43,_ZNK10QArrayData22constAllocatedCapacityEv
FNDA:0,_ZNK10QArrayData22constAllocatedCapacityEv
FN:49,_ZN10QArrayData3refEv
FNDA:0,_ZN10QArrayData3refEv
FN:56,_ZN10QArrayData5derefEv
FNDA:0,_ZN10QArrayData5derefEv
FN:61,_ZNK10QArrayData8isSharedEv
FNDA:0,_ZNK10QArrayData8isSharedEv
FN:101,_ZN15QTypedArrayDataI7QStringE8allocateExN10QArrayData16AllocationOptionE
FNDA:0,_ZN15QTypedArrayDataI7QStringE8allocateExN10QArrayData16AllocationOptionE
FN:127,_ZN15QTypedArrayDataI7QStringE9dataStartEP10QArrayDatax
FNDA:0,_ZN15QTypedArrayDataI7QStringE9dataStartEP10QArrayDatax
DA:43,0
DA:45,0
DA:49,0
DA:51,0
DA:52,0
DA:56,0
DA:58,0
DA:61,0
DA:63,0
DA:101,0
DA:105,0
DA:107,0
DA:109,0
DA:127,0
DA:130,0
DA:131,0
DA:132,0
DA:133,0
end_of_record
SF:C:
Users
USER
Documents
UFMG
6
teste
testes_tp
build/C:/Qt/6.6.0/mingw_64/include/QtCore/qatomic_cxx11.h
FN:199,_ZN10QAtomicOpsIiE11loadRelaxedIiEET_RKSt6atomicIS2_E
FNDA:0,_ZN10QAtomicOpsIiE11loadRelaxedIiEET_RKSt6atomicIS2_E
FN:243,_ZN10QAtomicOpsIiE3refIiEEbRSt6atomicIT_E
FNDA:0,_ZN10QAtomicOpsIiE3refIiEEbRSt6atomicIT_E
FN:262,_ZN10QAtomicOpsIiE5derefIiEEbRSt6atomicIT_E
FNDA:0,_ZN10QAtomicOpsIiE5derefIiEEbRSt6atomicIT_E
DA:199,0
DA:201,0
DA:243,0
DA:258,0
DA:262,0
DA:265,0
end_of_record
SF:C:
Users
USER
Documents
UFMG
6
teste
testes_tp
build/C:/Qt/6.6.0/mingw_64/include/QtCore/qutf8stringview.h
FN:148,_ZN20QBasicUtf8StringViewILb0EE10castHelperEPKc
FNDA:26,_ZN20QBasicUtf8StringViewILb0EE10castHelperEPKc
FN:158,_ZN20QBasicUtf8StringViewILb0EEC1IcLb1EEEPKT_x
FNDA:26,_ZN20QBasicUtf8StringViewILb0EEC1IcLb1EEEPKT_x
FN:174,_ZN20QBasicUtf8StringViewILb0EEC1IPKcLb1EEERKT_
FNDA:26,_ZN20QBasicUtf8StringViewILb0EEC1IPKcLb1EEERKT_
DA:148,26
DA:149,26
DA:158,26
DA:159,26
DA:160,26
DA:174,26
DA:176,26
end_of_record
SF:C:
Users
USER
Documents
UFMG
6
teste
testes_tp
build/C:/Qt/6.6.0/mingw_64/include/QtWidgets/qwidget.h
FN:423,_ZN7QWidget8setFocusEv
FNDA:2,_ZN7QWidget8setFocusEv
FN:883,_ZN7QWidget6resizeEii
FNDA:34,_ZN7QWidget6resizeEii
DA:423,2
DA:883,34
DA:884,34
end_of_record
SF:C:
Users
USER
Documents
UFMG
6
teste
testes_tp
build/C:/Qt/Tools/mingw1120_64/lib/gcc/x86_64-w64-mingw32/11.2.0/include/c++/bits/range_access.h
FN:310,_ZSt4dataIKcLy8EEPT_RAT0__S1_
FNDA:101,_ZSt4dataIKcLy8EEPT_RAT0__S1_
FN:310,_ZSt4dataIKcLy19EEPT_RAT0__S1_
FNDA:79,_ZSt4dataIKcLy19EEPT_RAT0__S1_
FN:310,_ZSt4dataIKcLy5EEPT_RAT0__S1_
FNDA:19,_ZSt4dataIKcLy5EEPT_RAT0__S1_
FN:310,_ZSt4dataIKcLy6EEPT_RAT0__S1_
FNDA:52,_ZSt4dataIKcLy6EEPT_RAT0__S1_
FN:310,_ZSt4dataIKcLy17EEPT_RAT0__S1_
FNDA:105,_ZSt4dataIKcLy17EEPT_RAT0__S1_
FN:310,_ZSt4dataIKcLy15EEPT_RAT0__S1_
FNDA:42,_ZSt4dataIKcLy15EEPT_RAT0__S1_
FN:310,_ZSt4dataIKcLy13EEPT_RAT0__S1_
FNDA:24,_ZSt4dataIKcLy13EEPT_RAT0__S1_
FN:310,_ZSt4dataIKcLy18EEPT_RAT0__S1_
FNDA:9,_ZSt4dataIKcLy18EEPT_RAT0__S1_
FN:310,_ZSt4dataIKcLy10EEPT_RAT0__S1_
FNDA:53,_ZSt4dataIKcLy10EEPT_RAT0__S1_
FN:310,_ZSt4dataIKcLy9EEPT_RAT0__S1_
FNDA:6,_ZSt4dataIKcLy9EEPT_RAT0__S1_
DA:310,101
DA:311,101
DA:310,79
DA:311,79
DA:310,19
DA:311,19
DA:310,52
DA:311,52
DA:310,105
DA:311,105
DA:310,42
DA:311,42
DA:310,24
DA:311,24
DA:310,9
DA:311,9
DA:310,53
DA:311,53
DA:310,6
DA:311,6
end_of_record
SF:C:
Users
USER
Documents
UFMG
6
teste
testes_tp
build/C:/Qt/6.6.0/mingw_64/include/QtCore/qanystringview.h
FN:101,_ZN14QAnyStringView29isAsciiOnlyCharsAtCompileTimeIKcEEbPT_x
FNDA:563,_ZN14QAnyStringView29isAsciiOnlyCharsAtCompileTimeIKcEEbPT_x
FN:131,_ZN14QAnyStringView10encodeTypeIcEEyPKT_x
FNDA:563,_ZN14QAnyStringView10encodeTypeIcEEyPKT_x
FN:166,_ZN14QAnyStringView21lengthHelperContainerIcLy17EEExRAT0__KT_
FNDA:105,_ZN14QAnyStringView21lengthHelperContainerIcLy17EEExRAT0__KT_
FN:166,_ZN14QAnyStringView21lengthHelperContainerIcLy9EEExRAT0__KT_
FNDA:6,_ZN14QAnyStringView21lengthHelperContainerIcLy9EEExRAT0__KT_
FN:166,_ZN14QAnyStringView21lengthHelperContainerIcLy10EEExRAT0__KT_
FNDA:53,_ZN14QAnyStringView21lengthHelperContainerIcLy10EEExRAT0__KT_
FN:166,_ZN14QAnyStringView21lengthHelperContainerIcLy18EEExRAT0__KT_
FNDA:9,_ZN14QAnyStringView21lengthHelperContainerIcLy18EEExRAT0__KT_
FN:166,_ZN14QAnyStringView21lengthHelperContainerIcLy13EEExRAT0__KT_
FNDA:24,_ZN14QAnyStringView21lengthHelperContainerIcLy13EEExRAT0__KT_
FN:166,_ZN14QAnyStringView21lengthHelperContainerIcLy15EEExRAT0__KT_
FNDA:42,_ZN14QAnyStringView21lengthHelperContainerIcLy15EEExRAT0__KT_
FN:166,_ZN14QAnyStringView21lengthHelperContainerIcLy6EEExRAT0__KT_
FNDA:52,_ZN14QAnyStringView21lengthHelperContainerIcLy6EEExRAT0__KT_
FN:166,_ZN14QAnyStringView21lengthHelperContainerIcLy5EEExRAT0__KT_
FNDA:19,_ZN14QAnyStringView21lengthHelperContainerIcLy5EEExRAT0__KT_
FN:166,_ZN14QAnyStringView21lengthHelperContainerIcLy19EEExRAT0__KT_
FNDA:79,_ZN14QAnyStringView21lengthHelperContainerIcLy19EEExRAT0__KT_
FN:166,_ZN14QAnyStringView21lengthHelperContainerIcLy8EEExRAT0__KT_
FNDA:101,_ZN14QAnyStringView21lengthHelperContainerIcLy8EEExRAT0__KT_
FN:186,_ZN14QAnyStringViewC1IcLb1EEEPKT_x
FNDA:563,_ZN14QAnyStringViewC1IcLb1EEEPKT_x
FN:214,_ZN14QAnyStringViewC1IA6_cLb1EEERKT_
FNDA:52,_ZN14QAnyStringViewC1IA6_cLb1EEERKT_
FN:214,_ZN14QAnyStringViewC1IA17_cLb1EEERKT_
FNDA:105,_ZN14QAnyStringViewC1IA17_cLb1EEERKT_
FN:214,_ZN14QAnyStringViewC1IA15_cLb1EEERKT_
FNDA:42,_ZN14QAnyStringViewC1IA15_cLb1EEERKT_
FN:214,_ZN14QAnyStringViewC1IA5_cLb1EEERKT_
FNDA:19,_ZN14QAnyStringViewC1IA5_cLb1EEERKT_
FN:214,_ZN14QAnyStringViewC1IA13_cLb1EEERKT_
FNDA:24,_ZN14QAnyStringViewC1IA13_cLb1EEERKT_
FN:214,_ZN14QAnyStringViewC1IA18_cLb1EEERKT_
FNDA:9,_ZN14QAnyStringViewC1IA18_cLb1EEERKT_
FN:214,_ZN14QAnyStringViewC1IA19_cLb1EEERKT_
FNDA:79,_ZN14QAnyStringViewC1IA19_cLb1EEERKT_
FN:214,_ZN14QAnyStringViewC1IA10_cLb1EEERKT_
FNDA:53,_ZN14QAnyStringViewC1IA10_cLb1EEERKT_
FN:214,_ZN14QAnyStringViewC1IA9_cLb1EEERKT_
FNDA:6,_ZN14QAnyStringViewC1IA9_cLb1EEERKT_
FN:214,_ZN14QAnyStringViewC1IA8_cLb1EEERKT_
FNDA:101,_ZN14QAnyStringViewC1IA8_cLb1EEERKT_
DA:101,563
DA:114,563
DA:131,563
DA:134,563
DA:135,563
DA:136,563
DA:137,563
DA:139,563
DA:166,101
DA:168,101
DA:169,101
DA:170,101
DA:166,79
DA:168,79
DA:169,79
DA:170,79
DA:166,19
DA:168,19
DA:169,19
DA:170,19
DA:166,52
DA:168,52
DA:169,52
DA:170,52
DA:166,105
DA:168,105
DA:169,105
DA:170,105
DA:166,42
DA:168,42
DA:169,42
DA:170,42
DA:166,24
DA:168,24
DA:169,24
DA:170,24
DA:166,9
DA:168,9
DA:169,9
DA:170,9
DA:166,53
DA:168,53
DA:169,53
DA:170,53
DA:166,6
DA:168,6
DA:169,6
DA:170,6
DA:186,563
DA:187,563
DA:189,563
DA:214,101
DA:215,101
DA:214,79
DA:215,79
DA:214,19
DA:215,19
DA:214,52
DA:215,52
DA:214,105
DA:215,105
DA:214,42
DA:215,42
DA:214,24
DA:215,24
DA:214,9
DA:215,9
DA:214,53
DA:215,53
DA:214,6
DA:215,6
end_of_record
SF:C:
Users
USER
Documents
UFMG
6
teste
testes_tp
build/C:/Qt/Tools/mingw1120_64/lib/gcc/x86_64-w64-mingw32/11.2.0/include/c++/bits/stl_pair.h
FN:352,_ZNSt4pairIP15QTypedArrayDataI7QStringEPS1_EC1IS3_S4_Lb1EEEOT_OT0_
FNDA:0,_ZNSt4pairIP15QTypedArrayDataI7QStringEPS1_EC1IS3_S4_Lb1EEEOT_OT0_
FN:567,_ZSt9make_pairIP15QTypedArrayDataI7QStringEPS1_ESt4pairINSt25__strip_reference_wrapperINSt5decayIT_E4typeEE6__typeENS6_INS7_IT0_E4typeEE6__typeEEOS8_OSD_
FNDA:0,_ZSt9make_pairIP15QTypedArrayDataI7QStringEPS1_ESt4pairINSt25__strip_reference_wrapperINSt5decayIT_E4typeEE6__typeENS6_INS7_IT0_E4typeEE6__typeEEOS8_OSD_
DA:352,0
DA:353,0
DA:567,0
DA:572,0
end_of_record
SF:C:
Users
USER
Documents
UFMG
6
teste
testes_tp
build/C:/Qt/6.6.0/mingw_64/include/QtCore/qarraydataops.h
FN:95,_ZN9QtPrivate12QPodArrayOpsIDsE10destroyAllEv
FNDA:0,_ZN9QtPrivate12QPodArrayOpsIDsE10destroyAllEv
FN:329,_ZN9QtPrivate16QGenericArrayOpsI7QStringE10copyAppendEPKS1_S4_
FNDA:0,_ZN9QtPrivate16QGenericArrayOpsI7QStringE10copyAppendEPKS1_S4_
FN:389,_ZN9QtPrivate16QGenericArrayOpsI7QStringE10destroyAllEv
FNDA:0,_ZN9QtPrivate16QGenericArrayOpsI7QStringE10destroyAllEv
DA:95,0
DA:97,0
DA:98,0
DA:102,0
DA:329,0
DA:331,0
DA:332,0
DA:333,0
DA:334,0
DA:336,0
DA:337,0
DA:339,0
DA:340,0
DA:341,0
DA:342,0
DA:343,0
DA:389,0
DA:391,0
DA:395,0
DA:397,0
DA:398,0
end_of_record
TN:
SF:C:
Users
USER
Documents
UFMG
6
teste
testes_tp
build/C:/Qt/Tools/mingw1120_64/lib/gcc/x86_64-w64-mingw32/11.2.0/include/c++/bits/stl_construct.h
FN:135,_ZSt8_DestroyI7QStringEvPT_
FNDA:0,_ZSt8_DestroyI7QStringEvPT_
FN:149,_ZNSt12_Destroy_auxILb0EE9__destroyIP7QStringEEvT_S4_
FNDA:0,_ZNSt12_Destroy_auxILb0EE9__destroyIP7QStringEEvT_S4_
FN:171,_ZSt8_DestroyIP7QStringEvT_S2_
FNDA:0,_ZSt8_DestroyIP7QStringEvT_S2_
FN:240,_ZSt7destroyIP7QStringEvT_S2_
FNDA:0,_ZSt7destroyIP7QStringEvT_S2_
DA:135,0
DA:140,0
DA:142,0
DA:149,0
DA:151,0
DA:152,0
DA:153,0
DA:171,0
DA:185,0
DA:186,0
DA:240,0
DA:242,0
DA:243,0
end_of_record
SF:C:
Users
USER
Documents
UFMG
6
teste
testes_tp
build/C:/Qt/6.6.0/mingw_64/include/QtCore/qsize.h
FN:118,_ZN5QSizeC1Eii
FNDA:0,_ZN5QSizeC1Eii
DA:118,0
end_of_record
SF:C:
Users
USER
Documents
UFMG
6
teste
testes_tp
build/C:/Qt/Tools/mingw1120_64/lib/gcc/x86_64-w64-mingw32/11.2.0/include/c++/bits/move.h
FN:49,_ZSt11__addressofI7QStringEPT_RS1_
FNDA:0,_ZSt11__addressofI7QStringEPT_RS1_
FN:77,_ZSt7forwardIP7QStringEOT_RNSt16remove_referenceIS2_E4typeE
FNDA:0,_ZSt7forwardIP7QStringEOT_RNSt16remove_referenceIS2_E4typeE
FN:77,_ZSt7forwardIP15QTypedArrayDataI7QStringEEOT_RNSt16remove_referenceIS4_E4typeE
FNDA:0,_ZSt7forwardIP15QTypedArrayDataI7QStringEEOT_RNSt16remove_referenceIS4_E4typeE
FN:104,_ZSt4moveIR7QStringEONSt16remove_referenceIT_E4typeEOS3_
FNDA:0,_ZSt4moveIR7QStringEONSt16remove_referenceIT_E4typeEOS3_
DA:49,0
DA:50,0
DA:77,0
DA:78,0
DA:77,0
DA:78,0
DA:104,0
DA:105,0
end_of_record
SF:C:
Users
USER
Documents
UFMG
6
teste
testes_tp
build/C:/Qt/6.6.0/mingw_64/include/QtGui/qfont.h
FN:314,_ZN5QFont7setBoldEb
FNDA:0,_ZN5QFont7setBoldEb
FN:322,_ZN5QFont9setItalicEb
FNDA:0,_ZN5QFont9setItalicEb
DA:314,0
DA:315,0
DA:322,0
DA:323,0
DA:324,0
end_of_record
SF:C:
Users
USER
Documents
UFMG
6
teste
testes_tp
build/C:/Qt/6.6.0/mingw_64/include/QtCore/qarraydatapointer.h
FN:31,_ZN17QArrayDataPointerIDsEC1Ev
FNDA:0,_ZN17QArrayDataPointerIDsEC1Ev
FN:37,_ZN17QArrayDataPointerIDsEC1ERKS0_
FNDA:0,_ZN17QArrayDataPointerIDsEC1ERKS0_
FN:50,_ZN17QArrayDataPointerI7QStringEC1ESt4pairIP15QTypedArrayDataIS0_EPS0_Ex
FNDA:0,_ZN17QArrayDataPointerI7QStringEC1ESt4pairIP15QTypedArrayDataIS0_EPS0_Ex
FN:70,_ZN17QArrayDataPointerIDsEC1EOS0_
FNDA:0,_ZN17QArrayDataPointerIDsEC1EOS0_
FN:85,_ZN17QArrayDataPointerIDsEptEv
FNDA:0,_ZN17QArrayDataPointerIDsEptEv
FN:85,_ZN17QArrayDataPointerI7QStringEptEv
FNDA:0,_ZN17QArrayDataPointerI7QStringEptEv
FN:100,_ZN17QArrayDataPointerIDsED1Ev
FNDA:0,_ZN17QArrayDataPointerIDsED1Ev
FN:100,_ZN17QArrayDataPointerI7QStringED1Ev
FNDA:0,_ZN17QArrayDataPointerI7QStringED1Ev
FN:113,_ZN17QArrayDataPointerI7QStringE4dataEv
FNDA:0,_ZN17QArrayDataPointerI7QStringE4dataEv
FN:114,_ZNK17QArrayDataPointerIDsE4dataEv
FNDA:0,_ZNK17QArrayDataPointerIDsE4dataEv
FN:116,_ZN17QArrayDataPointerI7QStringE5beginEv
FNDA:0,_ZN17QArrayDataPointerI7QStringE5beginEv
FN:117,_ZN17QArrayDataPointerI7QStringE3endEv
FNDA:0,_ZN17QArrayDataPointerI7QStringE3endEv
FN:412,_ZN17QArrayDataPointerIDsE3refEv
FNDA:0,_ZN17QArrayDataPointerIDsE3refEv
FN:413,_ZN17QArrayDataPointerI7QStringE5derefEv
FNDA:0,_ZN17QArrayDataPointerI7QStringE5derefEv
FN:413,_ZN17QArrayDataPointerIDsE5derefEv
FNDA:0,_ZN17QArrayDataPointerIDsE5derefEv
FN:414,_ZNK17QArrayDataPointerI7QStringE9isMutableEv
FNDA:0,_ZNK17QArrayDataPointerI7QStringE9isMutableEv
FN:415,_ZNK17QArrayDataPointerI7QStringE8isSharedEv
FNDA:0,_ZNK17QArrayDataPointerI7QStringE8isSharedEv
FN:426,_ZNK17QArrayDataPointerI7QStringE16freeSpaceAtBeginEv
FNDA:0,_ZNK17QArrayDataPointerI7QStringE16freeSpaceAtBeginEv
FN:433,_ZNK17QArrayDataPointerI7QStringE14freeSpaceAtEndEv
FNDA:0,_ZNK17QArrayDataPointerI7QStringE14freeSpaceAtEndEv
DA:31,0
DA:32,0
DA:34,0
DA:37,0
DA:38,0
DA:40,0
DA:41,0
DA:50,0
DA:51,0
DA:53,0
DA:70,0
DA:71,0
DA:73,0
DA:74,0
DA:75,0
DA:76,0
DA:85,0
DA:87,0
DA:85,0
DA:87,0
DA:100,0
DA:102,0
DA:103,0
DA:104,0
DA:106,0
DA:100,0
DA:102,0
DA:103,0
DA:104,0
DA:106,0
DA:113,0
DA:114,0
DA:116,0
DA:117,0
DA:412,0
DA:413,0
DA:413,0
DA:414,0
DA:415,0
DA:426,0
DA:428,0
DA:429,0
DA:430,0
DA:433,0
DA:435,0
DA:436,0
DA:437,0
end_of_record
SF:C:
Users
USER
Documents
UFMG
6
teste
testes_tp
build/C:/Qt/Tools/mingw1120_64/lib/gcc/x86_64-w64-mingw32/11.2.0/include/c++/new
FN:174,_ZnwyPv
FNDA:0,_ZnwyPv
DA:174,0
DA:175,0
end_of_record
SF:C:
Users
USER
Documents
UFMG
6
teste
testes_tp
build/C:/Qt/6.6.0/mingw_64/include/QtCore/qlist.h
FN:283,_ZN5QListI7QStringEC1ESt16initializer_listIS0_E
FNDA:0,_ZN5QListI7QStringEC1ESt16initializer_listIS0_E
DA:283,0
DA:284,0
DA:286,0
DA:287,0
DA:288,0
end_of_record
SF:C:
Users
USER
Documents
UFMG
6
teste
testes_tp
build/C:/Qt/Tools/mingw1120_64/lib/gcc/x86_64-w64-mingw32/11.2.0/include/c++/bits/char_traits.h
FN:106,_ZN9__gnu_cxx11char_traitsIcE2eqERKcS3_
FNDA:0,_ZN9__gnu_cxx11char_traitsIcE2eqERKcS3_
FN:167,_ZN9__gnu_cxx11char_traitsIcE6lengthEPKc
FNDA:0,_ZN9__gnu_cxx11char_traitsIcE6lengthEPKc
FN:178,_ZN9__gnu_cxx11char_traitsIcE4findEPKcyRS2_
FNDA:0,_ZN9__gnu_cxx11char_traitsIcE4findEPKcyRS2_
FN:365,_ZNSt11char_traitsIcE6lengthEPKc
FNDA:0,_ZNSt11char_traitsIcE6lengthEPKc
FN:375,_ZNSt11char_traitsIcE4findEPKcyRS1_
FNDA:0,_ZNSt11char_traitsIcE4findEPKcyRS1_
DA:106,0
DA:107,0
DA:167,0
DA:170,0
DA:171,0
DA:172,0
DA:173,0
DA:178,0
DA:181,0
DA:182,0
DA:183,0
DA:184,0
DA:262,0
DA:365,0
DA:368,0
DA:369,0
DA:371,0
DA:375,0
DA:377,0
DA:378,0
DA:380,0
DA:382,0
DA:383,0
DA:385,0
end_of_record
SF:C:
Users
USER
Documents
UFMG
6
teste
testes_tp
build/C:/Qt/6.6.0/mingw_64/include/QtCore/qpair.h
FN:19,_Z9qMakePairIP15QTypedArrayDataI7QStringEPS1_EDcOT_OT0_
FNDA:0,_Z9qMakePairIP15QTypedArrayDataI7QStringEPS1_EDcOT_OT0_
DA:19,0
DA:22,0
end_of_record
SF:C:
Users
USER
Documents
UFMG
6
teste
testes_tp
build/C:/Qt/Tools/mingw1120_64/lib/gcc/x86_64-w64-mingw32/11.2.0/include/c++/initializer_list
FN:71,_ZNKSt16initializer_listI7QStringE4sizeEv
FNDA:0,_ZNKSt16initializer_listI7QStringE4sizeEv
FN:75,_ZNKSt16initializer_listI7QStringE5beginEv
FNDA:0,_ZNKSt16initializer_listI7QStringE5beginEv
FN:79,_ZNKSt16initializer_listI7QStringE3endEv
FNDA:0,_ZNKSt16initializer_listI7QStringE3endEv
DA:71,0
DA:75,0
DA:79,0
end_of_record
SF:C:
Users
USER
Documents
UFMG
6
teste
testes_tp
build/..
atualizar_contato.cpp
FN:6,_ZN17atualizar_contatoC2EP7QWidgeti
FNDA:2,_ZN17atualizar_contatoC2EP7QWidgeti
FN:28,_ZN17atualizar_contatoD0Ev
FNDA:0,_ZN17atualizar_contatoD0Ev
FN:28,_ZN17atualizar_contatoD2Ev
FNDA:2,_ZN17atualizar_contatoD2Ev
FN:34,_ZN17atualizar_contato19on_cancelar_clickedEv
FNDA:0,_ZN17atualizar_contato19on_cancelar_clickedEv
FN:40,_ZN17atualizar_contato20on_atualizar_clickedEv
FNDA:1,_ZN17atualizar_contato20on_atualizar_clickedEv
FN:212,_ZNK17atualizar_contato26get_atualizar_query_resultEv
FNDA:1,_ZNK17atualizar_contato26get_atualizar_query_resultEv
DA:6,2
DA:8,2
DA:10,2
DA:12,2
DA:14,4
DA:15,2
DA:16,2
DA:17,1
DA:18,1
DA:19,1
DA:20,1
DA:21,1
DA:24,1
DA:26,2
DA:28,0
DA:31,0
DA:28,2
DA:30,2
DA:31,2
DA:34,0
DA:36,0
DA:37,0
DA:40,1
DA:42,1
DA:43,1
DA:44,1
DA:45,1
DA:46,1
DA:47,2
DA:48,1
DA:49,1
DA:50,1
DA:51,1
DA:54,0
DA:56,1
DA:57,0
DA:58,0
DA:59,0
DA:60,0
DA:61,0
DA:62,0
DA:65,0
DA:67,0
DA:68,0
DA:69,0
DA:70,0
DA:71,0
DA:72,0
DA:73,0
DA:76,0
DA:78,0
DA:79,0
DA:80,0
DA:81,0
DA:82,0
DA:83,0
DA:84,0
DA:87,0
DA:89,0
DA:90,0
DA:91,0
DA:92,0
DA:93,0
DA:94,0
DA:95,0
DA:98,0
DA:100,0
DA:101,0
DA:102,0
DA:103,0
DA:104,0
DA:105,0
DA:106,0
DA:109,0
DA:111,0
DA:112,0
DA:113,0
DA:114,0
DA:115,0
DA:116,0
DA:119,0
DA:121,0
DA:122,0
DA:123,0
DA:124,0
DA:125,0
DA:126,0
DA:127,0
DA:130,0
DA:132,0
DA:133,0
DA:134,0
DA:135,0
DA:136,0
DA:137,0
DA:138,0
DA:141,0
DA:143,0
DA:144,0
DA:145,0
DA:146,0
DA:147,0
DA:148,0
DA:149,0
DA:152,0
DA:154,0
DA:155,0
DA:156,0
DA:157,0
DA:158,0
DA:159,0
DA:160,0
DA:163,0
DA:165,0
DA:166,0
DA:167,0
DA:168,0
DA:169,0
DA:170,0
DA:171,0
DA:174,0
DA:176,0
DA:177,0
DA:178,0
DA:179,0
DA:180,0
DA:181,0
DA:182,0
DA:185,0
DA:187,0
DA:188,0
DA:189,0
DA:190,0
DA:191,0
DA:192,0
DA:193,0
DA:196,0
DA:198,0
DA:199,0
DA:200,0
DA:201,0
DA:202,0
DA:203,0
DA:204,0
DA:207,0
DA:209,0
DA:210,1
DA:212,1
DA:213,1
end_of_record
SF:C:
Users
USER
Documents
UFMG
6
teste
testes_tp
build/ui_atualizar_contato.h
FN:45,_ZN20Ui_atualizar_contato7setupUiEP7QDialog
FNDA:2,_ZN20Ui_atualizar_contato7setupUiEP7QDialog
FN:186,_ZN20Ui_atualizar_contato13retranslateUiEP7QDialog
FNDA:2,_ZN20Ui_atualizar_contato13retranslateUiEP7QDialog
DA:45,2
DA:47,2
DA:48,2
DA:49,2
DA:50,2
DA:51,2
DA:52,2
DA:53,2
DA:54,2
DA:55,2
DA:56,2
DA:57,2
DA:58,2
DA:59,2
DA:60,2
DA:61,2
DA:62,4
DA:63,2
DA:64,2
DA:65,2
DA:66,2
DA:67,2
DA:73,2
DA:75,2
DA:76,2
DA:77,2
DA:79,2
DA:82,2
DA:84,2
DA:85,2
DA:86,2
DA:87,2
DA:88,2
DA:89,4
DA:90,2
DA:91,2
DA:92,2
DA:98,2
DA:100,2
DA:101,2
DA:102,2
DA:104,2
DA:107,2
DA:109,2
DA:110,2
DA:111,2
DA:112,2
DA:113,2
DA:114,2
DA:120,2
DA:122,2
DA:123,2
DA:124,2
DA:126,2
DA:129,2
DA:131,2
DA:132,2
DA:133,2
DA:134,2
DA:135,2
DA:136,2
DA:142,2
DA:144,2
DA:145,2
DA:146,2
DA:148,2
DA:151,2
DA:153,2
DA:154,2
DA:155,2
DA:156,2
DA:157,2
DA:164,2
DA:166,2
DA:167,2
DA:168,2
DA:175,2
DA:178,2
DA:181,2
DA:183,2
DA:184,2
DA:186,2
DA:188,2
DA:189,2
DA:190,2
DA:191,2
DA:192,2
DA:193,2
DA:194,2
DA:195,2
DA:196,2
DA:197,2
DA:198,2
DA:199,2
DA:200,2
DA:201,2
DA:202,2
DA:203,2
end_of_record
SF:C:
Users
USER
Documents
UFMG
6
teste
testes_tp
build/C:/Qt/Tools/mingw1120_64/lib/gcc/x86_64-w64-mingw32/11.2.0/include/c++/bits/atomic_base.h
FN:104,_ZStanSt12memory_orderSt23__memory_order_modifier
FNDA:0,_ZStanSt12memory_orderSt23__memory_order_modifier
DA:104,0
DA:106,0
DA:477,0
DA:481,0
DA:636,0
DA:646,0
end_of_record
SF:C:
Users
USER
Documents
UFMG
6
teste
testes_tp
build/C:/Qt/6.6.0/mingw_64/include/QtCore/qstring.h
FN:178,_ZN7QStringC1EOS_
FNDA:0,_ZN7QStringC1EOS_
FN:182,_ZNK7QString4sizeEv
FNDA:0,_ZNK7QString4sizeEv
FN:188,_ZNK7QString7isEmptyEv
FNDA:0,_ZNK7QString7isEmptyEv
FN:463,_ZN7QStringpLERKS_
FNDA:0,_ZN7QStringpLERKS_
FN:782,_ZN7QStringC1EPKc
FNDA:0,_ZN7QStringC1EPKc
FN:806,_ZN7QStringpLEPKc
FNDA:0,_ZN7QStringpLEPKc
FN:1085,_ZNK7QString4dataEv
FNDA:0,_ZNK7QString4dataEv
FN:1099,_ZNK7QString9constDataEv
FNDA:0,_ZNK7QString9constDataEv
FN:1107,_ZN7QStringC1ERKS_
FNDA:0,_ZN7QStringC1ERKS_
FN:1168,_ZN7QStringC1Ev
FNDA:0,_ZN7QStringC1Ev
FN:1169,_ZN7QStringD1Ev
FNDA:0,_ZN7QStringD1Ev
FN:1221,_ZNK7QStringeqEPKc
FNDA:0,_ZNK7QStringeqEPKc
FN:1223,_ZNK7QStringneEPKc
FNDA:0,_ZNK7QStringneEPKc
FN:1293,_ZplO7QStringRKS_
FNDA:0,_ZplO7QStringRKS_
FN:1304,_ZplO7QStringPKc
FNDA:0,_ZplO7QStringPKc
FN:1306,_ZplPKcRK7QString
FNDA:0,_ZplPKcRK7QString
DA:178,0
DA:182,0
DA:188,0
DA:463,0
DA:782,0
DA:783,0
DA:784,0
DA:806,0
DA:807,0
DA:1085,0
DA:1088,0
DA:1099,0
DA:1100,0
DA:1107,0
DA:1108,0
DA:1168,0
DA:1169,0
DA:1221,0
DA:1222,0
DA:1223,0
DA:1224,0
DA:1293,0
DA:1294,0
DA:1304,0
DA:1305,0
DA:1306,0
DA:1307,0
end_of_record
SF:C:
Users
USER
Documents
UFMG
6
teste
testes_tp
build/C:/Qt/6.6.0/mingw_64/include/QtCore/qbytearrayview.h
FN:67,_ZN9QtPrivateL19lengthHelperPointerIcEExPKT_
FNDA:0,_ZN9QtPrivateL19lengthHelperPointerIcEExPKT_
FN:116,_ZN14QByteArrayView21lengthHelperCharArrayEPKcy
FNDA:0,_ZN14QByteArrayView21lengthHelperCharArrayEPKcy
FN:126,_ZN14QByteArrayView10castHelperEPKc
FNDA:0,_ZN14QByteArrayView10castHelperEPKc
FN:136,_ZN14QByteArrayViewC1IcLb1EEEPKT_x
FNDA:0,_ZN14QByteArrayViewC1IcLb1EEEPKT_x
FN:149,_ZN14QByteArrayViewC1IPKcLb1EEERKT_
FNDA:0,_ZN14QByteArrayViewC1IPKcLb1EEERKT_
FN:166,_ZN14QByteArrayViewC1ILy135EEERAT__Kc
FNDA:0,_ZN14QByteArrayViewC1ILy135EEERAT__Kc
FN:166,_ZN14QByteArrayViewC1ILy106EEERAT__Kc
FNDA:0,_ZN14QByteArrayViewC1ILy106EEERAT__Kc
FN:166,_ZN14QByteArrayViewC1ILy23EEERAT__Kc
FNDA:0,_ZN14QByteArrayViewC1ILy23EEERAT__Kc
FN:166,_ZN14QByteArrayViewC1ILy107EEERAT__Kc
FNDA:0,_ZN14QByteArrayViewC1ILy107EEERAT__Kc
FN:166,_ZN14QByteArrayViewC1ILy12EEERAT__Kc
FNDA:0,_ZN14QByteArrayViewC1ILy12EEERAT__Kc
FN:166,_ZN14QByteArrayViewC1ILy221EEERAT__Kc
FNDA:0,_ZN14QByteArrayViewC1ILy221EEERAT__Kc
DA:67,0
DA:69,0
DA:116,0
DA:118,0
DA:119,0
DA:120,0
DA:126,0
DA:127,0
DA:136,0
DA:137,0
DA:138,0
DA:149,0
DA:151,0
DA:166,0
DA:167,0
DA:166,0
DA:167,0
DA:166,0
DA:167,0
DA:166,0
DA:167,0
DA:166,0
DA:167,0
DA:166,0
DA:167,0
end_of_record
SF:C:
Users
USER
Documents
UFMG
6
teste
testes_tp
build/C:/Qt/6.6.0/mingw_64/include/QtCore/qflags.h
FN:73,_ZN6QFlagsIN2Qt13AlignmentFlagEEC1Ev
FNDA:0,_ZN6QFlagsIN2Qt13AlignmentFlagEEC1Ev
FN:73,_ZN6QFlagsIN2Qt10WindowTypeEEC1Ev
FNDA:0,_ZN6QFlagsIN2Qt10WindowTypeEEC1Ev
FN:74,_ZN6QFlagsIN11QMessageBox14StandardButtonEEC1ES1_
FNDA:2,_ZN6QFlagsIN11QMessageBox14StandardButtonEEC1ES1_
DA:73,0
DA:73,0
DA:74,2
end_of_record
SF:C:
Users
USER
Documents
UFMG
6
teste
testes_tp
build/C:/Qt/Tools/mingw1120_64/lib/gcc/x86_64-w64-mingw32/11.2.0/include/c++/bits/stl_iterator_base_funcs.h
FN:98,_ZSt10__distanceIPKcENSt15iterator_traitsIT_E15difference_typeES3_S3_St26random_access_iterator_tag
FNDA:0,_ZSt10__distanceIPKcENSt15iterator_traitsIT_E15difference_typeES3_S3_St26random_access_iterator_tag
FN:138,_ZSt8distanceIPKcENSt15iterator_traitsIT_E15difference_typeES3_S3_
FNDA:0,_ZSt8distanceIPKcENSt15iterator_traitsIT_E15difference_typeES3_S3_
FN:174,_ZSt9__advanceIPKcxEvRT_T0_St26random_access_iterator_tag
FNDA:0,_ZSt9__advanceIPKcxEvRT_T0_St26random_access_iterator_tag
FN:202,_ZSt7advanceIPKcxEvRT_T0_
FNDA:0,_ZSt7advanceIPKcxEvRT_T0_
FN:213,_ZSt4nextIPKcET_S2_NSt15iterator_traitsIS2_E15difference_typeE
FNDA:0,_ZSt4nextIPKcET_S2_NSt15iterator_traitsIS2_E15difference_typeE
DA:98,0
DA:104,0
DA:138,0
DA:141,0
DA:142,0
DA:174,0
DA:185,0
DA:186,0
DA:202,0
DA:205,0
DA:206,0
DA:207,0
DA:213,0
DA:218,0
DA:219,0
end_of_record
SF:C:
Users
USER
Documents
UFMG
6
teste
testes_tp
build/C:/Qt/6.6.0/mingw_64/include/QtCore/qatomic_cxx11.h
FN:199,_ZN10QAtomicOpsIiE11loadRelaxedIiEET_RKSt6atomicIS2_E
FNDA:0,_ZN10QAtomicOpsIiE11loadRelaxedIiEET_RKSt6atomicIS2_E
FN:243,_ZN10QAtomicOpsIiE3refIiEEbRSt6atomicIT_E
FNDA:0,_ZN10QAtomicOpsIiE3refIiEEbRSt6atomicIT_E
FN:262,_ZN10QAtomicOpsIiE5derefIiEEbRSt6atomicIT_E
FNDA:0,_ZN10QAtomicOpsIiE5derefIiEEbRSt6atomicIT_E
DA:199,0
DA:201,0
DA:243,0
DA:258,0
DA:262,0
DA:265,0
end_of_record
SF:C:
Users
USER
Documents
UFMG
6
teste
testes_tp
build/C:/Qt/6.6.0/mingw_64/include/QtCore/qarraydata.h
FN:43,_ZNK10QArrayData22constAllocatedCapacityEv
FNDA:0,_ZNK10QArrayData22constAllocatedCapacityEv
FN:49,_ZN10QArrayData3refEv
FNDA:0,_ZN10QArrayData3refEv
FN:56,_ZN10QArrayData5derefEv
FNDA:0,_ZN10QArrayData5derefEv
FN:61,_ZNK10QArrayData8isSharedEv
FNDA:0,_ZNK10QArrayData8isSharedEv
FN:101,_ZN15QTypedArrayDataI7QStringE8allocateExN10QArrayData16AllocationOptionE
FNDA:0,_ZN15QTypedArrayDataI7QStringE8allocateExN10QArrayData16AllocationOptionE
FN:127,_ZN15QTypedArrayDataI7QStringE9dataStartEP10QArrayDatax
FNDA:0,_ZN15QTypedArrayDataI7QStringE9dataStartEP10QArrayDatax
DA:43,0
DA:45,0
DA:49,0
DA:51,0
DA:52,0
DA:56,0
DA:58,0
DA:61,0
DA:63,0
DA:101,0
DA:105,0
DA:107,0
DA:109,0
DA:127,0
DA:130,0
DA:131,0
DA:132,0
DA:133,0
end_of_record
SF:C:
Users
USER
Documents
UFMG
6
teste
testes_tp
build/C:/Qt/6.6.0/mingw_64/include/QtCore/qrect.h
FN:154,_ZN5QRectC1Eiiii
FNDA:0,_ZN5QRectC1Eiiii
DA:154,0
DA:155,0
end_of_record
SF:C:
Users
USER
Documents
UFMG
6
teste
testes_tp
build/C:/Qt/6.6.0/mingw_64/include/QtCore/qanystringview.h
FN:101,_ZN14QAnyStringView29isAsciiOnlyCharsAtCompileTimeIKcEEbPT_x
FNDA:0,_ZN14QAnyStringView29isAsciiOnlyCharsAtCompileTimeIKcEEbPT_x
FN:131,_ZN14QAnyStringView10encodeTypeIcEEyPKT_x
FNDA:0,_ZN14QAnyStringView10encodeTypeIcEEyPKT_x
FN:166,_ZN14QAnyStringView21lengthHelperContainerIcLy6EEExRAT0__KT_
FNDA:0,_ZN14QAnyStringView21lengthHelperContainerIcLy6EEExRAT0__KT_
FN:166,_ZN14QAnyStringView21lengthHelperContainerIcLy9EEExRAT0__KT_
FNDA:0,_ZN14QAnyStringView21lengthHelperContainerIcLy9EEExRAT0__KT_
FN:166,_ZN14QAnyStringView21lengthHelperContainerIcLy5EEExRAT0__KT_
FNDA:0,_ZN14QAnyStringView21lengthHelperContainerIcLy5EEExRAT0__KT_
FN:166,_ZN14QAnyStringView21lengthHelperContainerIcLy10EEExRAT0__KT_
FNDA:0,_ZN14QAnyStringView21lengthHelperContainerIcLy10EEExRAT0__KT_
FN:166,_ZN14QAnyStringView21lengthHelperContainerIcLy8EEExRAT0__KT_
FNDA:0,_ZN14QAnyStringView21lengthHelperContainerIcLy8EEExRAT0__KT_
FN:166,_ZN14QAnyStringView21lengthHelperContainerIcLy18EEExRAT0__KT_
FNDA:0,_ZN14QAnyStringView21lengthHelperContainerIcLy18EEExRAT0__KT_
FN:166,_ZN14QAnyStringView21lengthHelperContainerIcLy19EEExRAT0__KT_
FNDA:0,_ZN14QAnyStringView21lengthHelperContainerIcLy19EEExRAT0__KT_
FN:166,_ZN14QAnyStringView21lengthHelperContainerIcLy15EEExRAT0__KT_
FNDA:0,_ZN14QAnyStringView21lengthHelperContainerIcLy15EEExRAT0__KT_
FN:166,_ZN14QAnyStringView21lengthHelperContainerIcLy17EEExRAT0__KT_
FNDA:0,_ZN14QAnyStringView21lengthHelperContainerIcLy17EEExRAT0__KT_
FN:186,_ZN14QAnyStringViewC1IcLb1EEEPKT_x
FNDA:0,_ZN14QAnyStringViewC1IcLb1EEEPKT_x
FN:214,_ZN14QAnyStringViewC1IA15_cLb1EEERKT_
FNDA:0,_ZN14QAnyStringViewC1IA15_cLb1EEERKT_
FN:214,_ZN14QAnyStringViewC1IA17_cLb1EEERKT_
FNDA:0,_ZN14QAnyStringViewC1IA17_cLb1EEERKT_
FN:214,_ZN14QAnyStringViewC1IA18_cLb1EEERKT_
FNDA:0,_ZN14QAnyStringViewC1IA18_cLb1EEERKT_
FN:214,_ZN14QAnyStringViewC1IA19_cLb1EEERKT_
FNDA:0,_ZN14QAnyStringViewC1IA19_cLb1EEERKT_
FN:214,_ZN14QAnyStringViewC1IA10_cLb1EEERKT_
FNDA:0,_ZN14QAnyStringViewC1IA10_cLb1EEERKT_
FN:214,_ZN14QAnyStringViewC1IA8_cLb1EEERKT_
FNDA:0,_ZN14QAnyStringViewC1IA8_cLb1EEERKT_
FN:214,_ZN14QAnyStringViewC1IA9_cLb1EEERKT_
FNDA:0,_ZN14QAnyStringViewC1IA9_cLb1EEERKT_
FN:214,_ZN14QAnyStringViewC1IA5_cLb1EEERKT_
FNDA:0,_ZN14QAnyStringViewC1IA5_cLb1EEERKT_
FN:214,_ZN14QAnyStringViewC1IA6_cLb1EEERKT_
FNDA:0,_ZN14QAnyStringViewC1IA6_cLb1EEERKT_
DA:101,0
DA:114,0
DA:131,0
DA:134,0
DA:135,0
DA:136,0
DA:137,0
DA:139,0
DA:166,0
DA:168,0
DA:169,0
DA:170,0
DA:166,0
DA:168,0
DA:169,0
DA:170,0
DA:166,0
DA:168,0
DA:169,0
DA:170,0
DA:166,0
DA:168,0
DA:169,0
DA:170,0
DA:166,0
DA:168,0
DA:169,0
DA:170,0
DA:166,0
DA:168,0
DA:169,0
DA:170,0
DA:166,0
DA:168,0
DA:169,0
DA:170,0
DA:166,0
DA:168,0
DA:169,0
DA:170,0
DA:166,0
DA:168,0
DA:169,0
DA:170,0
DA:186,0
DA:187,0
DA:189,0
DA:214,0
DA:215,0
DA:214,0
DA:215,0
DA:214,0
DA:215,0
DA:214,0
DA:215,0
DA:214,0
DA:215,0
DA:214,0
DA:215,0
DA:214,0
DA:215,0
DA:214,0
DA:215,0
DA:214,0
DA:215,0
end_of_record
SF:C:
Users
USER
Documents
UFMG
6
teste
testes_tp
build/C:/Qt/Tools/mingw1120_64/lib/gcc/x86_64-w64-mingw32/11.2.0/include/c++/bits/range_access.h
FN:310,_ZSt4dataIKcLy6EEPT_RAT0__S1_
FNDA:0,_ZSt4dataIKcLy6EEPT_RAT0__S1_
FN:310,_ZSt4dataIKcLy5EEPT_RAT0__S1_
FNDA:0,_ZSt4dataIKcLy5EEPT_RAT0__S1_
FN:310,_ZSt4dataIKcLy8EEPT_RAT0__S1_
FNDA:0,_ZSt4dataIKcLy8EEPT_RAT0__S1_
FN:310,_ZSt4dataIKcLy19EEPT_RAT0__S1_
FNDA:0,_ZSt4dataIKcLy19EEPT_RAT0__S1_
FN:310,_ZSt4dataIKcLy17EEPT_RAT0__S1_
FNDA:0,_ZSt4dataIKcLy17EEPT_RAT0__S1_
FN:310,_ZSt4dataIKcLy15EEPT_RAT0__S1_
FNDA:0,_ZSt4dataIKcLy15EEPT_RAT0__S1_
FN:310,_ZSt4dataIKcLy18EEPT_RAT0__S1_
FNDA:0,_ZSt4dataIKcLy18EEPT_RAT0__S1_
FN:310,_ZSt4dataIKcLy10EEPT_RAT0__S1_
FNDA:0,_ZSt4dataIKcLy10EEPT_RAT0__S1_
FN:310,_ZSt4dataIKcLy9EEPT_RAT0__S1_
FNDA:0,_ZSt4dataIKcLy9EEPT_RAT0__S1_
DA:310,0
DA:311,0
DA:310,0
DA:311,0
DA:310,0
DA:311,0
DA:310,0
DA:311,0
DA:310,0
DA:311,0
DA:310,0
DA:311,0
DA:310,0
DA:311,0
DA:310,0
DA:311,0
DA:310,0
DA:311,0
end_of_record
SF:C:
Users
USER
Documents
UFMG
6
teste
testes_tp
build/C:/Qt/6.6.0/mingw_64/include/QtWidgets/qwidget.h
FN:883,_ZN7QWidget6resizeEii
FNDA:0,_ZN7QWidget6resizeEii
DA:883,0
DA:884,0
end_of_record
SF:C:
Users
USER
Documents
UFMG
6
teste
testes_tp
build/C:/Qt/6.6.0/mingw_64/include/QtCore/qutf8stringview.h
FN:148,_ZN20QBasicUtf8StringViewILb0EE10castHelperEPKc
FNDA:0,_ZN20QBasicUtf8StringViewILb0EE10castHelperEPKc
FN:158,_ZN20QBasicUtf8StringViewILb0EEC1IcLb1EEEPKT_x
FNDA:0,_ZN20QBasicUtf8StringViewILb0EEC1IcLb1EEEPKT_x
FN:174,_ZN20QBasicUtf8StringViewILb0EEC1IPKcLb1EEERKT_
FNDA:0,_ZN20QBasicUtf8StringViewILb0EEC1IPKcLb1EEERKT_
DA:148,0
DA:149,0
DA:158,0
DA:159,0
DA:160,0
DA:174,0
DA:176,0
end_of_record
SF:C:
Users
USER
Documents
UFMG
6
teste
testes_tp
build/..
atualizar_contato.h
end_of_record
SF:C:
Users
USER
Documents
UFMG
6
teste
testes_tp
build/C:/Qt/Tools/mingw1120_64/lib/gcc/x86_64-w64-mingw32/11.2.0/include/c++/bits/stl_pair.h
FN:352,_ZNSt4pairIP15QTypedArrayDataI7QStringEPS1_EC1IS3_S4_Lb1EEEOT_OT0_
FNDA:0,_ZNSt4pairIP15QTypedArrayDataI7QStringEPS1_EC1IS3_S4_Lb1EEEOT_OT0_
FN:567,_ZSt9make_pairIP15QTypedArrayDataI7QStringEPS1_ESt4pairINSt25__strip_reference_wrapperINSt5decayIT_E4typeEE6__typeENS6_INS7_IT0_E4typeEE6__typeEEOS8_OSD_
FNDA:0,_ZSt9make_pairIP15QTypedArrayDataI7QStringEPS1_ESt4pairINSt25__strip_reference_wrapperINSt5decayIT_E4typeEE6__typeENS6_INS7_IT0_E4typeEE6__typeEEOS8_OSD_
DA:352,0
DA:353,0
DA:567,0
DA:572,0
end_of_record
SF:C:
Users
USER
Documents
UFMG
6
teste
testes_tp
build/C:/Qt/6.6.0/mingw_64/include/QtCore/qarraydataops.h
FN:95,_ZN9QtPrivate12QPodArrayOpsIDsE10destroyAllEv
FNDA:0,_ZN9QtPrivate12QPodArrayOpsIDsE10destroyAllEv
FN:329,_ZN9QtPrivate16QGenericArrayOpsI7QStringE10copyAppendEPKS1_S4_
FNDA:0,_ZN9QtPrivate16QGenericArrayOpsI7QStringE10copyAppendEPKS1_S4_
FN:389,_ZN9QtPrivate16QGenericArrayOpsI7QStringE10destroyAllEv
FNDA:0,_ZN9QtPrivate16QGenericArrayOpsI7QStringE10destroyAllEv
DA:95,0
DA:97,0
DA:98,0
DA:102,0
DA:329,0
DA:331,0
DA:332,0
DA:333,0
DA:334,0
DA:336,0
DA:337,0
DA:339,0
DA:340,0
DA:341,0
DA:342,0
DA:343,0
DA:389,0
DA:391,0
DA:395,0
DA:397,0
DA:398,0
end_of_record
SF:C:
Users
USER
Documents
UFMG
6
teste
testes_tp
build/C:/Qt/6.6.0/mingw_64/include/QtCore/qbasicatomic.h
FN:38,_ZNK19QBasicAtomicIntegerIiE11loadRelaxedEv
FNDA:0,_ZNK19QBasicAtomicIntegerIiE11loadRelaxedEv
FN:49,_ZN19QBasicAtomicIntegerIiE3refEv
FNDA:0,_ZN19QBasicAtomicIntegerIiE3refEv
FN:50,_ZN19QBasicAtomicIntegerIiE5derefEv
FNDA:0,_ZN19QBasicAtomicIntegerIiE5derefEv
DA:38,0
DA:49,0
DA:50,0
end_of_record
SF:C:
Users
USER
Documents
UFMG
6
teste
testes_tp
build/C:/Qt/Tools/mingw1120_64/lib/gcc/x86_64-w64-mingw32/11.2.0/include/c++/bits/stl_iterator_base_types.h
FN:238,_ZSt19__iterator_categoryIPKcENSt15iterator_traitsIT_E17iterator_categoryERKS3_
FNDA:0,_ZSt19__iterator_categoryIPKcENSt15iterator_traitsIT_E17iterator_categoryERKS3_
DA:238,0
DA:239,0
end_of_record
TN:
SF:C:
Users
USER
Documents
UFMG
6
teste
testes_tp
build/C:/Qt/6.6.0/mingw_64/include/QtCore/qatomic_cxx11.h
FN:199,_ZN10QAtomicOpsIiE11loadRelaxedIiEET_RKSt6atomicIS2_E
FNDA:0,_ZN10QAtomicOpsIiE11loadRelaxedIiEET_RKSt6atomicIS2_E
FN:262,_ZN10QAtomicOpsIiE5derefIiEEbRSt6atomicIT_E
FNDA:0,_ZN10QAtomicOpsIiE5derefIiEEbRSt6atomicIT_E
DA:199,0
DA:201,0
DA:262,0
DA:265,0
end_of_record
SF:C:
Users
USER
Documents
UFMG
6
teste
testes_tp
build/C:/Qt/6.6.0/mingw_64/include/QtCore/qarraydata.h
FN:56,_ZN10QArrayData5derefEv
FNDA:0,_ZN10QArrayData5derefEv
DA:56,0
DA:58,0
end_of_record
SF:C:
Users
USER
Documents
UFMG
6
teste
testes_tp
build/C:/Qt/6.6.0/mingw_64/include/QtCore/qrect.h
FN:154,_ZN5QRectC1Eiiii
FNDA:0,_ZN5QRectC1Eiiii
DA:154,0
DA:155,0
end_of_record
SF:C:
Users
USER
Documents
UFMG
6
teste
testes_tp
build/ui_cadastrar.h
FN:42,_ZN12Ui_cadastrar7setupUiEP7QDialog
FNDA:1,_ZN12Ui_cadastrar7setupUiEP7QDialog
FN:154,_ZN12Ui_cadastrar13retranslateUiEP7QDialog
FNDA:1,_ZN12Ui_cadastrar13retranslateUiEP7QDialog
DA:42,1
DA:44,1
DA:45,1
DA:46,1
DA:47,1
DA:50,1
DA:51,1
DA:52,1
DA:53,1
DA:54,1
DA:55,1
DA:56,1
DA:57,1
DA:58,1
DA:59,1
DA:60,1
DA:61,1
DA:66,1
DA:68,1
DA:69,1
DA:70,1
DA:74,1
DA:77,1
DA:79,1
DA:80,1
DA:81,1
DA:82,1
DA:83,1
DA:88,1
DA:90,1
DA:91,1
DA:92,1
DA:95,1
DA:97,1
DA:100,1
DA:102,1
DA:103,1
DA:104,1
DA:105,1
DA:106,1
DA:111,1
DA:113,1
DA:114,1
DA:115,1
DA:118,1
DA:120,1
DA:123,1
DA:125,1
DA:126,1
DA:127,1
DA:128,1
DA:129,1
DA:134,1
DA:136,1
DA:137,1
DA:138,1
DA:143,1
DA:146,1
DA:149,1
DA:151,1
DA:152,1
DA:154,1
DA:156,1
DA:157,1
DA:158,1
DA:159,1
DA:160,1
DA:161,1
DA:162,1
DA:163,1
DA:164,1
DA:165,1
end_of_record
SF:C:
Users
USER
Documents
UFMG
6
teste
testes_tp
build/C:/Qt/6.6.0/mingw_64/include/QtCore/qarraydataops.h
FN:95,_ZN9QtPrivate12QPodArrayOpsIDsE10destroyAllEv
FNDA:0,_ZN9QtPrivate12QPodArrayOpsIDsE10destroyAllEv
DA:95,0
DA:97,0
DA:98,0
DA:102,0
end_of_record
SF:C:
Users
USER
Documents
UFMG
6
teste
testes_tp
build/C:/Qt/Tools/mingw1120_64/lib/gcc/x86_64-w64-mingw32/11.2.0/include/c++/bits/range_access.h
FN:310,_ZSt4dataIKcLy9EEPT_RAT0__S1_
FNDA:0,_ZSt4dataIKcLy9EEPT_RAT0__S1_
FN:310,_ZSt4dataIKcLy14EEPT_RAT0__S1_
FNDA:15,_ZSt4dataIKcLy14EEPT_RAT0__S1_
FN:310,_ZSt4dataIKcLy19EEPT_RAT0__S1_
FNDA:0,_ZSt4dataIKcLy19EEPT_RAT0__S1_
FN:310,_ZSt4dataIKcLy8EEPT_RAT0__S1_
FNDA:0,_ZSt4dataIKcLy8EEPT_RAT0__S1_
FN:310,_ZSt4dataIKcLy6EEPT_RAT0__S1_
FNDA:0,_ZSt4dataIKcLy6EEPT_RAT0__S1_
FN:310,_ZSt4dataIKcLy17EEPT_RAT0__S1_
FNDA:0,_ZSt4dataIKcLy17EEPT_RAT0__S1_
FN:310,_ZSt4dataIKcLy15EEPT_RAT0__S1_
FNDA:0,_ZSt4dataIKcLy15EEPT_RAT0__S1_
FN:310,_ZSt4dataIKcLy13EEPT_RAT0__S1_
FNDA:0,_ZSt4dataIKcLy13EEPT_RAT0__S1_
FN:310,_ZSt4dataIKcLy10EEPT_RAT0__S1_
FNDA:0,_ZSt4dataIKcLy10EEPT_RAT0__S1_
DA:310,0
DA:311,0
DA:310,15
DA:311,15
DA:310,0
DA:311,0
DA:310,0
DA:311,0
DA:310,0
DA:311,0
DA:310,0
DA:311,0
DA:310,0
DA:311,0
DA:310,0
DA:311,0
DA:310,0
DA:311,0
end_of_record
SF:C:
Users
USER
Documents
UFMG
6
teste
testes_tp
build/C:/Qt/6.6.0/mingw_64/include/QtWidgets/qwidget.h
FN:883,_ZN7QWidget6resizeEii
FNDA:0,_ZN7QWidget6resizeEii
DA:883,0
DA:884,0
end_of_record
SF:C:
Users
USER
Documents
UFMG
6
teste
testes_tp
build/C:/Qt/6.6.0/mingw_64/include/QtCore/qanystringview.h
FN:101,_ZN14QAnyStringView29isAsciiOnlyCharsAtCompileTimeIKcEEbPT_x
FNDA:0,_ZN14QAnyStringView29isAsciiOnlyCharsAtCompileTimeIKcEEbPT_x
FN:131,_ZN14QAnyStringView10encodeTypeIcEEyPKT_x
FNDA:0,_ZN14QAnyStringView10encodeTypeIcEEyPKT_x
FN:166,_ZN14QAnyStringView21lengthHelperContainerIcLy9EEExRAT0__KT_
FNDA:0,_ZN14QAnyStringView21lengthHelperContainerIcLy9EEExRAT0__KT_
FN:166,_ZN14QAnyStringView21lengthHelperContainerIcLy10EEExRAT0__KT_
FNDA:0,_ZN14QAnyStringView21lengthHelperContainerIcLy10EEExRAT0__KT_
FN:166,_ZN14QAnyStringView21lengthHelperContainerIcLy14EEExRAT0__KT_
FNDA:15,_ZN14QAnyStringView21lengthHelperContainerIcLy14EEExRAT0__KT_
FN:166,_ZN14QAnyStringView21lengthHelperContainerIcLy13EEExRAT0__KT_
FNDA:0,_ZN14QAnyStringView21lengthHelperContainerIcLy13EEExRAT0__KT_
FN:166,_ZN14QAnyStringView21lengthHelperContainerIcLy19EEExRAT0__KT_
FNDA:0,_ZN14QAnyStringView21lengthHelperContainerIcLy19EEExRAT0__KT_
FN:166,_ZN14QAnyStringView21lengthHelperContainerIcLy15EEExRAT0__KT_
FNDA:0,_ZN14QAnyStringView21lengthHelperContainerIcLy15EEExRAT0__KT_
FN:166,_ZN14QAnyStringView21lengthHelperContainerIcLy8EEExRAT0__KT_
FNDA:0,_ZN14QAnyStringView21lengthHelperContainerIcLy8EEExRAT0__KT_
FN:166,_ZN14QAnyStringView21lengthHelperContainerIcLy17EEExRAT0__KT_
FNDA:0,_ZN14QAnyStringView21lengthHelperContainerIcLy17EEExRAT0__KT_
FN:166,_ZN14QAnyStringView21lengthHelperContainerIcLy6EEExRAT0__KT_
FNDA:0,_ZN14QAnyStringView21lengthHelperContainerIcLy6EEExRAT0__KT_
FN:186,_ZN14QAnyStringViewC1IcLb1EEEPKT_x
FNDA:0,_ZN14QAnyStringViewC1IcLb1EEEPKT_x
FN:214,_ZN14QAnyStringViewC1IA17_cLb1EEERKT_
FNDA:0,_ZN14QAnyStringViewC1IA17_cLb1EEERKT_
FN:214,_ZN14QAnyStringViewC1IA6_cLb1EEERKT_
FNDA:0,_ZN14QAnyStringViewC1IA6_cLb1EEERKT_
FN:214,_ZN14QAnyStringViewC1IA15_cLb1EEERKT_
FNDA:0,_ZN14QAnyStringViewC1IA15_cLb1EEERKT_
FN:214,_ZN14QAnyStringViewC1IA8_cLb1EEERKT_
FNDA:0,_ZN14QAnyStringViewC1IA8_cLb1EEERKT_
FN:214,_ZN14QAnyStringViewC1IA13_cLb1EEERKT_
FNDA:0,_ZN14QAnyStringViewC1IA13_cLb1EEERKT_
FN:214,_ZN14QAnyStringViewC1IA19_cLb1EEERKT_
FNDA:0,_ZN14QAnyStringViewC1IA19_cLb1EEERKT_
FN:214,_ZN14QAnyStringViewC1IA10_cLb1EEERKT_
FNDA:0,_ZN14QAnyStringViewC1IA10_cLb1EEERKT_
FN:214,_ZN14QAnyStringViewC1IA14_cLb1EEERKT_
FNDA:15,_ZN14QAnyStringViewC1IA14_cLb1EEERKT_
FN:214,_ZN14QAnyStringViewC1IA9_cLb1EEERKT_
FNDA:0,_ZN14QAnyStringViewC1IA9_cLb1EEERKT_
DA:101,0
DA:114,0
DA:131,0
DA:134,0
DA:135,0
DA:136,0
DA:137,0
DA:139,0
DA:166,0
DA:168,0
DA:169,0
DA:170,0
DA:166,15
DA:168,15
DA:169,15
DA:170,15
DA:166,0
DA:168,0
DA:169,0
DA:170,0
DA:166,0
DA:168,0
DA:169,0
DA:170,0
DA:166,0
DA:168,0
DA:169,0
DA:170,0
DA:166,0
DA:168,0
DA:169,0
DA:170,0
DA:166,0
DA:168,0
DA:169,0
DA:170,0
DA:166,0
DA:168,0
DA:169,0
DA:170,0
DA:166,0
DA:168,0
DA:169,0
DA:170,0
DA:186,0
DA:187,0
DA:189,0
DA:214,0
DA:215,0
DA:214,15
DA:215,15
DA:214,0
DA:215,0
DA:214,0
DA:215,0
DA:214,0
DA:215,0
DA:214,0
DA:215,0
DA:214,0
DA:215,0
DA:214,0
DA:215,0
DA:214,0
DA:215,0
end_of_record
SF:C:
Users
USER
Documents
UFMG
6
teste
testes_tp
build/C:/Qt/6.6.0/mingw_64/include/QtCore/qbasicatomic.h
FN:38,_ZNK19QBasicAtomicIntegerIiE11loadRelaxedEv
FNDA:0,_ZNK19QBasicAtomicIntegerIiE11loadRelaxedEv
FN:50,_ZN19QBasicAtomicIntegerIiE5derefEv
FNDA:0,_ZN19QBasicAtomicIntegerIiE5derefEv
DA:38,0
DA:50,0
end_of_record
SF:C:
Users
USER
Documents
UFMG
6
teste
testes_tp
build/C:/Qt/Tools/mingw1120_64/lib/gcc/x86_64-w64-mingw32/11.2.0/include/c++/bits/stl_iterator_base_types.h
FN:238,_ZSt19__iterator_categoryIPKcENSt15iterator_traitsIT_E17iterator_categoryERKS3_
FNDA:0,_ZSt19__iterator_categoryIPKcENSt15iterator_traitsIT_E17iterator_categoryERKS3_
DA:238,0
DA:239,0
end_of_record
SF:C:
Users
USER
Documents
UFMG
6
teste
testes_tp
build/..
cadastrar.h
end_of_record
SF:C:
Users
USER
Documents
UFMG
6
teste
testes_tp
build/C:/Qt/6.6.0/mingw_64/include/QtCore/qsize.h
FN:118,_ZN5QSizeC1Eii
FNDA:0,_ZN5QSizeC1Eii
DA:118,0
end_of_record
SF:C:
Users
USER
Documents
UFMG
6
teste
testes_tp
build/C:/Qt/6.6.0/mingw_64/include/QtCore/qarraydatapointer.h
FN:31,_ZN17QArrayDataPointerIDsEC1Ev
FNDA:0,_ZN17QArrayDataPointerIDsEC1Ev
FN:85,_ZN17QArrayDataPointerIDsEptEv
FNDA:0,_ZN17QArrayDataPointerIDsEptEv
FN:100,_ZN17QArrayDataPointerIDsED1Ev
FNDA:0,_ZN17QArrayDataPointerIDsED1Ev
FN:413,_ZN17QArrayDataPointerIDsE5derefEv
FNDA:0,_ZN17QArrayDataPointerIDsE5derefEv
DA:31,0
DA:32,0
DA:34,0
DA:85,0
DA:87,0
DA:100,0
DA:102,0
DA:103,0
DA:104,0
DA:106,0
DA:413,0
end_of_record
SF:C:
Users
USER
Documents
UFMG
6
teste
testes_tp
build/C:/Qt/Tools/mingw1120_64/lib/gcc/x86_64-w64-mingw32/11.2.0/include/c++/bits/char_traits.h
FN:106,_ZN9__gnu_cxx11char_traitsIcE2eqERKcS3_
FNDA:0,_ZN9__gnu_cxx11char_traitsIcE2eqERKcS3_
FN:167,_ZN9__gnu_cxx11char_traitsIcE6lengthEPKc
FNDA:0,_ZN9__gnu_cxx11char_traitsIcE6lengthEPKc
FN:178,_ZN9__gnu_cxx11char_traitsIcE4findEPKcyRS2_
FNDA:0,_ZN9__gnu_cxx11char_traitsIcE4findEPKcyRS2_
FN:365,_ZNSt11char_traitsIcE6lengthEPKc
FNDA:0,_ZNSt11char_traitsIcE6lengthEPKc
FN:375,_ZNSt11char_traitsIcE4findEPKcyRS1_
FNDA:0,_ZNSt11char_traitsIcE4findEPKcyRS1_
DA:106,0
DA:107,0
DA:167,0
DA:170,0
DA:171,0
DA:172,0
DA:173,0
DA:178,0
DA:181,0
DA:182,0
DA:183,0
DA:184,0
DA:262,0
DA:365,0
DA:368,0
DA:369,0
DA:371,0
DA:375,0
DA:377,0
DA:378,0
DA:380,0
DA:382,0
DA:383,0
DA:385,0
end_of_record
SF:C:
Users
USER
Documents
UFMG
6
teste
testes_tp
build/C:/Qt/Tools/mingw1120_64/lib/gcc/x86_64-w64-mingw32/11.2.0/include/c++/bits/stl_iterator_base_funcs.h
FN:98,_ZSt10__distanceIPKcENSt15iterator_traitsIT_E15difference_typeES3_S3_St26random_access_iterator_tag
FNDA:0,_ZSt10__distanceIPKcENSt15iterator_traitsIT_E15difference_typeES3_S3_St26random_access_iterator_tag
FN:138,_ZSt8distanceIPKcENSt15iterator_traitsIT_E15difference_typeES3_S3_
FNDA:0,_ZSt8distanceIPKcENSt15iterator_traitsIT_E15difference_typeES3_S3_
FN:174,_ZSt9__advanceIPKcxEvRT_T0_St26random_access_iterator_tag
FNDA:0,_ZSt9__advanceIPKcxEvRT_T0_St26random_access_iterator_tag
FN:202,_ZSt7advanceIPKcxEvRT_T0_
FNDA:0,_ZSt7advanceIPKcxEvRT_T0_
FN:213,_ZSt4nextIPKcET_S2_NSt15iterator_traitsIS2_E15difference_typeE
FNDA:0,_ZSt4nextIPKcET_S2_NSt15iterator_traitsIS2_E15difference_typeE
DA:98,0
DA:104,0
DA:138,0
DA:141,0
DA:142,0
DA:174,0
DA:185,0
DA:186,0
DA:202,0
DA:205,0
DA:206,0
DA:207,0
DA:213,0
DA:218,0
DA:219,0
end_of_record
SF:C:
Users
USER
Documents
UFMG
6
teste
testes_tp
build/C:/Qt/6.6.0/mingw_64/include/QtCore/qflags.h
FN:73,_ZN6QFlagsIN2Qt13AlignmentFlagEEC1Ev
FNDA:0,_ZN6QFlagsIN2Qt13AlignmentFlagEEC1Ev
FN:73,_ZN6QFlagsIN2Qt10WindowTypeEEC1Ev
FNDA:0,_ZN6QFlagsIN2Qt10WindowTypeEEC1Ev
DA:73,0
DA:73,0
end_of_record
SF:C:
Users
USER
Documents
UFMG
6
teste
testes_tp
build/..
cadastrar.cpp
FN:4,_ZN9cadastrarC2EP7QWidget
FNDA:1,_ZN9cadastrarC2EP7QWidget
FN:11,_ZN9cadastrarD0Ev
FNDA:0,_ZN9cadastrarD0Ev
FN:11,_ZN9cadastrarD2Ev
FNDA:1,_ZN9cadastrarD2Ev
FN:16,_ZN9cadastrar27on_cadastrarusuario_clickedEv
FNDA:0,_ZN9cadastrar27on_cadastrarusuario_clickedEv
FN:23,_ZN9cadastrar19on_cancelar_clickedEv
FNDA:0,_ZN9cadastrar19on_cancelar_clickedEv
DA:4,1
DA:6,1
DA:8,1
DA:9,1
DA:11,0
DA:14,0
DA:11,1
DA:13,1
DA:14,1
DA:16,0
DA:18,0
DA:19,0
DA:20,0
DA:23,0
DA:25,0
DA:26,0
end_of_record
SF:C:
Users
USER
Documents
UFMG
6
teste
testes_tp
build/C:/Qt/Tools/mingw1120_64/lib/gcc/x86_64-w64-mingw32/11.2.0/include/c++/bits/atomic_base.h
FN:104,_ZStanSt12memory_orderSt23__memory_order_modifier
FNDA:0,_ZStanSt12memory_orderSt23__memory_order_modifier
DA:104,0
DA:106,0
DA:477,0
DA:481,0
DA:646,0
end_of_record
SF:C:
Users
USER
Documents
UFMG
6
teste
testes_tp
build/C:/Qt/6.6.0/mingw_64/include/QtCore/qstring.h
FN:188,_ZNK7QString7isEmptyEv
FNDA:0,_ZNK7QString7isEmptyEv
FN:782,_ZN7QStringC1EPKc
FNDA:0,_ZN7QStringC1EPKc
FN:1168,_ZN7QStringC1Ev
FNDA:0,_ZN7QStringC1Ev
FN:1169,_ZN7QStringD1Ev
FNDA:0,_ZN7QStringD1Ev
DA:188,0
DA:782,0
DA:783,0
DA:784,0
DA:1168,0
DA:1169,0
end_of_record
SF:C:
Users
USER
Documents
UFMG
6
teste
testes_tp
build/C:/Qt/6.6.0/mingw_64/include/QtCore/qbytearrayview.h
FN:67,_ZN9QtPrivateL19lengthHelperPointerIcEExPKT_
FNDA:0,_ZN9QtPrivateL19lengthHelperPointerIcEExPKT_
FN:116,_ZN14QByteArrayView21lengthHelperCharArrayEPKcy
FNDA:0,_ZN14QByteArrayView21lengthHelperCharArrayEPKcy
FN:126,_ZN14QByteArrayView10castHelperEPKc
FNDA:0,_ZN14QByteArrayView10castHelperEPKc
FN:136,_ZN14QByteArrayViewC1IcLb1EEEPKT_x
FNDA:0,_ZN14QByteArrayViewC1IcLb1EEEPKT_x
FN:149,_ZN14QByteArrayViewC1IPKcLb1EEERKT_
FNDA:0,_ZN14QByteArrayViewC1IPKcLb1EEERKT_
FN:166,_ZN14QByteArrayViewC1ILy59EEERAT__Kc
FNDA:17,_ZN14QByteArrayViewC1ILy59EEERAT__Kc
FN:166,_ZN14QByteArrayViewC1ILy98EEERAT__Kc
FNDA:21,_ZN14QByteArrayViewC1ILy98EEERAT__Kc
FN:166,_ZN14QByteArrayViewC1ILy1EEERAT__Kc
FNDA:7,_ZN14QByteArrayViewC1ILy1EEERAT__Kc
FN:166,_ZN14QByteArrayViewC1ILy261EEERAT__Kc
FNDA:19,_ZN14QByteArrayViewC1ILy261EEERAT__Kc
DA:67,0
DA:69,0
DA:116,0
DA:118,0
DA:119,0
DA:120,0
DA:126,0
DA:127,0
DA:136,0
DA:137,0
DA:138,0
DA:149,0
DA:151,0
DA:166,17
DA:167,17
DA:166,21
DA:167,21
DA:166,7
DA:167,7
DA:166,19
DA:167,19
end_of_record
TN:
SF:C:
Users
USER
Documents
UFMG
6
teste
testes_tp
build/C:/Qt/6.6.0/mingw_64/include/QtCore/qrect.h
FN:154,_ZN5QRectC1Eiiii
FNDA:0,_ZN5QRectC1Eiiii
DA:154,0
DA:155,0
end_of_record
SF:C:
Users
USER
Documents
UFMG
6
teste
testes_tp
build/C:/Qt/6.6.0/mingw_64/include/QtCore/qbytearrayalgorithms.h
FN:98,_Z7qstrlenPKc
FNDA:0,_Z7qstrlenPKc
DA:98,0
DA:106,0
end_of_record
SF:C:
Users
USER
Documents
UFMG
6
teste
testes_tp
build/C:/Qt/6.6.0/mingw_64/include/QtCore/qatomic_cxx11.h
FN:199,_ZN10QAtomicOpsIiE11loadRelaxedIiEET_RKSt6atomicIS2_E
FNDA:0,_ZN10QAtomicOpsIiE11loadRelaxedIiEET_RKSt6atomicIS2_E
FN:243,_ZN10QAtomicOpsIiE3refIiEEbRSt6atomicIT_E
FNDA:0,_ZN10QAtomicOpsIiE3refIiEEbRSt6atomicIT_E
FN:262,_ZN10QAtomicOpsIiE5derefIiEEbRSt6atomicIT_E
FNDA:0,_ZN10QAtomicOpsIiE5derefIiEEbRSt6atomicIT_E
DA:199,0
DA:201,0
DA:243,0
DA:258,0
DA:262,0
DA:265,0
end_of_record
SF:C:
Users
USER
Documents
UFMG
6
teste
testes_tp
build/C:/Qt/6.6.0/mingw_64/include/QtCore/qarraydata.h
FN:49,_ZN10QArrayData3refEv
FNDA:0,_ZN10QArrayData3refEv
FN:56,_ZN10QArrayData5derefEv
FNDA:0,_ZN10QArrayData5derefEv
DA:49,0
DA:51,0
DA:52,0
DA:56,0
DA:58,0
end_of_record
SF:C:
Users
USER
Documents
UFMG
6
teste
testes_tp
build/C:/Qt/6.6.0/mingw_64/include/QtCore/qarraydataops.h
FN:95,_ZN9QtPrivate12QPodArrayOpsIDsE10destroyAllEv
FNDA:0,_ZN9QtPrivate12QPodArrayOpsIDsE10destroyAllEv
DA:95,0
DA:97,0
DA:98,0
DA:102,0
end_of_record
SF:C:
Users
USER
Documents
UFMG
6
teste
testes_tp
build/ui_login.h
FN:52,_ZN8Ui_login7setupUiEP11QMainWindow
FNDA:14,_ZN8Ui_login7setupUiEP11QMainWindow
FN:234,_ZN8Ui_login13retranslateUiEP11QMainWindow
FNDA:14,_ZN8Ui_login13retranslateUiEP11QMainWindow
DA:52,14
DA:54,14
DA:55,14
DA:56,14
DA:57,14
DA:60,14
DA:61,14
DA:62,14
DA:63,14
DA:64,14
DA:65,14
DA:66,14
DA:67,14
DA:68,14
DA:69,14
DA:70,14
DA:71,14
DA:72,14
DA:73,14
DA:74,14
DA:75,14
DA:76,14
DA:77,14
DA:78,14
DA:79,14
DA:80,14
DA:109,14
DA:111,14
DA:112,14
DA:113,14
DA:116,14
DA:117,14
DA:119,14
DA:122,14
DA:124,14
DA:125,14
DA:126,14
DA:127,14
DA:128,14
DA:129,14
DA:130,14
DA:159,14
DA:161,14
DA:162,14
DA:163,14
DA:167,14
DA:169,14
DA:172,14
DA:175,14
DA:178,14
DA:181,14
DA:184,14
DA:186,14
DA:187,14
DA:188,14
DA:189,14
DA:190,14
DA:197,14
DA:199,14
DA:200,14
DA:201,14
DA:208,14
DA:211,14
DA:214,14
DA:216,14
DA:217,14
DA:218,14
DA:219,14
DA:220,14
DA:221,14
DA:222,14
DA:223,14
DA:224,14
DA:225,14
DA:227,14
DA:229,14
DA:231,14
DA:232,14
DA:234,14
DA:236,14
DA:237,14
DA:238,14
DA:239,14
DA:240,14
DA:241,14
DA:242,14
DA:243,14
DA:244,14
DA:245,14
DA:246,14
end_of_record
SF:C:
Users
USER
Documents
UFMG
6
teste
testes_tp
build/C:/Qt/Tools/mingw1120_64/lib/gcc/x86_64-w64-mingw32/11.2.0/include/c++/bits/range_access.h
FN:310,_ZSt4dataIKcLy5EEPT_RAT0__S1_
FNDA:0,_ZSt4dataIKcLy5EEPT_RAT0__S1_
FN:310,_ZSt4dataIKcLy12EEPT_RAT0__S1_
FNDA:20,_ZSt4dataIKcLy12EEPT_RAT0__S1_
FN:310,_ZSt4dataIKcLy8EEPT_RAT0__S1_
FNDA:0,_ZSt4dataIKcLy8EEPT_RAT0__S1_
FN:310,_ZSt4dataIKcLy19EEPT_RAT0__S1_
FNDA:0,_ZSt4dataIKcLy19EEPT_RAT0__S1_
FN:310,_ZSt4dataIKcLy15EEPT_RAT0__S1_
FNDA:0,_ZSt4dataIKcLy15EEPT_RAT0__S1_
FN:310,_ZSt4dataIKcLy17EEPT_RAT0__S1_
FNDA:0,_ZSt4dataIKcLy17EEPT_RAT0__S1_
FN:310,_ZSt4dataIKcLy13EEPT_RAT0__S1_
FNDA:0,_ZSt4dataIKcLy13EEPT_RAT0__S1_
FN:310,_ZSt4dataIKcLy14EEPT_RAT0__S1_
FNDA:0,_ZSt4dataIKcLy14EEPT_RAT0__S1_
FN:310,_ZSt4dataIKcLy6EEPT_RAT0__S1_
FNDA:0,_ZSt4dataIKcLy6EEPT_RAT0__S1_
FN:310,_ZSt4dataIKcLy10EEPT_RAT0__S1_
FNDA:0,_ZSt4dataIKcLy10EEPT_RAT0__S1_
DA:310,0
DA:311,0
DA:310,20
DA:311,20
DA:310,0
DA:311,0
DA:310,0
DA:311,0
DA:310,0
DA:311,0
DA:310,0
DA:311,0
DA:310,0
DA:311,0
DA:310,0
DA:311,0
DA:310,0
DA:311,0
DA:310,0
DA:311,0
end_of_record
SF:C:
Users
USER
Documents
UFMG
6
teste
testes_tp
build/C:/Qt/6.6.0/mingw_64/include/QtWidgets/qwidget.h
FN:883,_ZN7QWidget6resizeEii
FNDA:0,_ZN7QWidget6resizeEii
DA:883,0
DA:884,0
end_of_record
SF:C:
Users
USER
Documents
UFMG
6
teste
testes_tp
build/C:/Qt/6.6.0/mingw_64/include/QtCore/qanystringview.h
FN:101,_ZN14QAnyStringView29isAsciiOnlyCharsAtCompileTimeIKcEEbPT_x
FNDA:0,_ZN14QAnyStringView29isAsciiOnlyCharsAtCompileTimeIKcEEbPT_x
FN:131,_ZN14QAnyStringView10encodeTypeIcEEyPKT_x
FNDA:0,_ZN14QAnyStringView10encodeTypeIcEEyPKT_x
FN:166,_ZN14QAnyStringView21lengthHelperContainerIcLy15EEExRAT0__KT_
FNDA:0,_ZN14QAnyStringView21lengthHelperContainerIcLy15EEExRAT0__KT_
FN:166,_ZN14QAnyStringView21lengthHelperContainerIcLy10EEExRAT0__KT_
FNDA:0,_ZN14QAnyStringView21lengthHelperContainerIcLy10EEExRAT0__KT_
FN:166,_ZN14QAnyStringView21lengthHelperContainerIcLy6EEExRAT0__KT_
FNDA:0,_ZN14QAnyStringView21lengthHelperContainerIcLy6EEExRAT0__KT_
FN:166,_ZN14QAnyStringView21lengthHelperContainerIcLy14EEExRAT0__KT_
FNDA:0,_ZN14QAnyStringView21lengthHelperContainerIcLy14EEExRAT0__KT_
FN:166,_ZN14QAnyStringView21lengthHelperContainerIcLy13EEExRAT0__KT_
FNDA:0,_ZN14QAnyStringView21lengthHelperContainerIcLy13EEExRAT0__KT_
FN:166,_ZN14QAnyStringView21lengthHelperContainerIcLy17EEExRAT0__KT_
FNDA:0,_ZN14QAnyStringView21lengthHelperContainerIcLy17EEExRAT0__KT_
FN:166,_ZN14QAnyStringView21lengthHelperContainerIcLy19EEExRAT0__KT_
FNDA:0,_ZN14QAnyStringView21lengthHelperContainerIcLy19EEExRAT0__KT_
FN:166,_ZN14QAnyStringView21lengthHelperContainerIcLy8EEExRAT0__KT_
FNDA:0,_ZN14QAnyStringView21lengthHelperContainerIcLy8EEExRAT0__KT_
FN:166,_ZN14QAnyStringView21lengthHelperContainerIcLy12EEExRAT0__KT_
FNDA:20,_ZN14QAnyStringView21lengthHelperContainerIcLy12EEExRAT0__KT_
FN:166,_ZN14QAnyStringView21lengthHelperContainerIcLy5EEExRAT0__KT_
FNDA:0,_ZN14QAnyStringView21lengthHelperContainerIcLy5EEExRAT0__KT_
FN:186,_ZN14QAnyStringViewC1IcLb1EEEPKT_x
FNDA:0,_ZN14QAnyStringViewC1IcLb1EEEPKT_x
FN:214,_ZN14QAnyStringViewC1IA19_cLb1EEERKT_
FNDA:0,_ZN14QAnyStringViewC1IA19_cLb1EEERKT_
FN:214,_ZN14QAnyStringViewC1IA15_cLb1EEERKT_
FNDA:0,_ZN14QAnyStringViewC1IA15_cLb1EEERKT_
FN:214,_ZN14QAnyStringViewC1IA17_cLb1EEERKT_
FNDA:0,_ZN14QAnyStringViewC1IA17_cLb1EEERKT_
FN:214,_ZN14QAnyStringViewC1IA8_cLb1EEERKT_
FNDA:0,_ZN14QAnyStringViewC1IA8_cLb1EEERKT_
FN:214,_ZN14QAnyStringViewC1IA13_cLb1EEERKT_
FNDA:0,_ZN14QAnyStringViewC1IA13_cLb1EEERKT_
FN:214,_ZN14QAnyStringViewC1IA14_cLb1EEERKT_
FNDA:0,_ZN14QAnyStringViewC1IA14_cLb1EEERKT_
FN:214,_ZN14QAnyStringViewC1IA12_cLb1EEERKT_
FNDA:20,_ZN14QAnyStringViewC1IA12_cLb1EEERKT_
FN:214,_ZN14QAnyStringViewC1IA6_cLb1EEERKT_
FNDA:0,_ZN14QAnyStringViewC1IA6_cLb1EEERKT_
FN:214,_ZN14QAnyStringViewC1IA10_cLb1EEERKT_
FNDA:0,_ZN14QAnyStringViewC1IA10_cLb1EEERKT_
FN:214,_ZN14QAnyStringViewC1IA5_cLb1EEERKT_
FNDA:0,_ZN14QAnyStringViewC1IA5_cLb1EEERKT_
DA:101,0
DA:114,0
DA:131,0
DA:134,0
DA:135,0
DA:136,0
DA:137,0
DA:139,0
DA:166,0
DA:168,0
DA:169,0
DA:170,0
DA:166,20
DA:168,20
DA:169,20
DA:170,20
DA:166,0
DA:168,0
DA:169,0
DA:170,0
DA:166,0
DA:168,0
DA:169,0
DA:170,0
DA:166,0
DA:168,0
DA:169,0
DA:170,0
DA:166,0
DA:168,0
DA:169,0
DA:170,0
DA:166,0
DA:168,0
DA:169,0
DA:170,0
DA:166,0
DA:168,0
DA:169,0
DA:170,0
DA:166,0
DA:168,0
DA:169,0
DA:170,0
DA:166,0
DA:168,0
DA:169,0
DA:170,0
DA:186,0
DA:187,0
DA:189,0
DA:214,0
DA:215,0
DA:214,20
DA:215,20
DA:214,0
DA:215,0
DA:214,0
DA:215,0
DA:214,0
DA:215,0
DA:214,0
DA:215,0
DA:214,0
DA:215,0
DA:214,0
DA:215,0
DA:214,0
DA:215,0
DA:214,0
DA:215,0
end_of_record
SF:C:
Users
USER
Documents
UFMG
6
teste
testes_tp
build/C:/Qt/Tools/mingw1120_64/lib/gcc/x86_64-w64-mingw32/11.2.0/include/c++/bits/stl_iterator_base_types.h
FN:238,_ZSt19__iterator_categoryIPKcENSt15iterator_traitsIT_E17iterator_categoryERKS3_
FNDA:0,_ZSt19__iterator_categoryIPKcENSt15iterator_traitsIT_E17iterator_categoryERKS3_
DA:238,0
DA:239,0
end_of_record
SF:C:
Users
USER
Documents
UFMG
6
teste
testes_tp
build/C:/Qt/6.6.0/mingw_64/include/QtCore/qbasicatomic.h
FN:38,_ZNK19QBasicAtomicIntegerIiE11loadRelaxedEv
FNDA:0,_ZNK19QBasicAtomicIntegerIiE11loadRelaxedEv
FN:49,_ZN19QBasicAtomicIntegerIiE3refEv
FNDA:0,_ZN19QBasicAtomicIntegerIiE3refEv
FN:50,_ZN19QBasicAtomicIntegerIiE5derefEv
FNDA:0,_ZN19QBasicAtomicIntegerIiE5derefEv
DA:38,0
DA:49,0
DA:50,0
end_of_record
SF:C:
Users
USER
Documents
UFMG
6
teste
testes_tp
build/C:/Qt/6.6.0/mingw_64/include/QtCore/qlatin1stringview.h
FN:49,_ZN13QLatin1StringC1EPKc
FNDA:14,_ZN13QLatin1StringC1EPKc
FN:61,_ZNK13QLatin1String4sizeEv
FNDA:14,_ZNK13QLatin1String4sizeEv
FN:62,_ZNK13QLatin1String4dataEv
FNDA:14,_ZNK13QLatin1String4dataEv
DA:49,14
DA:50,14
DA:61,14
DA:62,14
end_of_record
SF:C:
Users
USER
Documents
UFMG
6
teste
testes_tp
build/C:/Qt/Tools/mingw1120_64/lib/gcc/x86_64-w64-mingw32/11.2.0/include/c++/bits/move.h
FN:104,_ZSt4moveIRxEONSt16remove_referenceIT_E4typeEOS2_
FNDA:0,_ZSt4moveIRxEONSt16remove_referenceIT_E4typeEOS2_
FN:196,_ZSt4swapIxENSt9enable_ifIXsrSt6__and_IJSt6__not_ISt15__is_tuple_likeIT_EESt21is_move_constructibleIS4_ESt18is_move_assignableIS4_EEE5valueEvE4typeERS4_SE_
FNDA:0,_ZSt4swapIxENSt9enable_ifIXsrSt6__and_IJSt6__not_ISt15__is_tuple_likeIT_EESt21is_move_constructibleIS4_ESt18is_move_assignableIS4_EEE5valueEvE4typeERS4_SE_
DA:104,0
DA:105,0
DA:196,0
DA:204,0
DA:205,0
DA:206,0
DA:207,0
end_of_record
SF:C:
Users
USER
Documents
UFMG
6
teste
testes_tp
build/C:/Qt/6.6.0/mingw_64/include/QtCore/qsize.h
FN:118,_ZN5QSizeC1Eii
FNDA:0,_ZN5QSizeC1Eii
DA:118,0
end_of_record
SF:C:
Users
USER
Documents
UFMG
6
teste
testes_tp
build/C:/Qt/6.6.0/mingw_64/include/QtCore/qarraydatapointer.h
FN:31,_ZN17QArrayDataPointerIDsEC1Ev
FNDA:0,_ZN17QArrayDataPointerIDsEC1Ev
FN:37,_ZN17QArrayDataPointerIDsEC1ERKS0_
FNDA:0,_ZN17QArrayDataPointerIDsEC1ERKS0_
FN:85,_ZN17QArrayDataPointerIDsEptEv
FNDA:0,_ZN17QArrayDataPointerIDsEptEv
FN:100,_ZN17QArrayDataPointerIDsED1Ev
FNDA:0,_ZN17QArrayDataPointerIDsED1Ev
FN:114,_ZNK17QArrayDataPointerIDsE4dataEv
FNDA:0,_ZNK17QArrayDataPointerIDsE4dataEv
FN:123,_ZN17QArrayDataPointerIDsE4swapERS0_
FNDA:0,_ZN17QArrayDataPointerIDsE4swapERS0_
FN:412,_ZN17QArrayDataPointerIDsE3refEv
FNDA:0,_ZN17QArrayDataPointerIDsE3refEv
FN:413,_ZN17QArrayDataPointerIDsE5derefEv
FNDA:0,_ZN17QArrayDataPointerIDsE5derefEv
DA:31,0
DA:32,0
DA:34,0
DA:37,0
DA:38,0
DA:40,0
DA:41,0
DA:85,0
DA:87,0
DA:100,0
DA:102,0
DA:103,0
DA:104,0
DA:106,0
DA:114,0
DA:123,0
DA:125,0
DA:126,0
DA:127,0
DA:128,0
DA:412,0
DA:413,0
end_of_record
SF:C:
Users
USER
Documents
UFMG
6
teste
testes_tp
build/..
login.h
end_of_record
SF:C:
Users
USER
Documents
UFMG
6
teste
testes_tp
build/C:/Qt/6.6.0/mingw_64/include/QtCore/qswap.h
FN:43,_Z11qt_ptr_swapIDsEvRPT_S2_
FNDA:0,_Z11qt_ptr_swapIDsEvRPT_S2_
FN:43,_Z11qt_ptr_swapI15QTypedArrayDataIDsEEvRPT_S4_
FNDA:0,_Z11qt_ptr_swapI15QTypedArrayDataIDsEEvRPT_S4_
DA:43,0
DA:45,0
DA:46,0
DA:47,0
DA:48,0
DA:43,0
DA:45,0
DA:46,0
DA:47,0
DA:48,0
end_of_record
SF:C:
Users
USER
Documents
UFMG
6
teste
testes_tp
build/..
login.cpp
FN:4,_ZN5loginC2EP7QWidget
FNDA:14,_ZN5loginC2EP7QWidget
FN:18,_ZN5loginD0Ev
FNDA:0,_ZN5loginD0Ev
FN:18,_ZN5loginD2Ev
FNDA:14,_ZN5loginD2Ev
FN:23,_ZN5login22on_logintoprin_clickedEv
FNDA:0,_ZN5login22on_logintoprin_clickedEv
FN:47,_ZN5login20on_cadastrar_clickedEv
FNDA:0,_ZN5login20on_cadastrar_clickedEv
DA:4,14
DA:6,14
DA:8,14
DA:10,28
DA:11,14
DA:12,14
DA:13,0
DA:14,0
DA:16,14
DA:18,0
DA:21,0
DA:18,14
DA:20,14
DA:21,14
DA:23,0
DA:25,0
DA:26,0
DA:28,0
DA:29,0
DA:30,0
DA:31,0
DA:32,0
DA:33,0
DA:34,0
DA:36,0
DA:38,0
DA:42,0
DA:44,0
DA:47,0
DA:49,0
DA:50,0
DA:51,0
end_of_record
SF:C:
Users
USER
Documents
UFMG
6
teste
testes_tp
build/C:/Qt/Tools/mingw1120_64/lib/gcc/x86_64-w64-mingw32/11.2.0/include/c++/bits/char_traits.h
FN:106,_ZN9__gnu_cxx11char_traitsIcE2eqERKcS3_
FNDA:0,_ZN9__gnu_cxx11char_traitsIcE2eqERKcS3_
FN:167,_ZN9__gnu_cxx11char_traitsIcE6lengthEPKc
FNDA:0,_ZN9__gnu_cxx11char_traitsIcE6lengthEPKc
FN:178,_ZN9__gnu_cxx11char_traitsIcE4findEPKcyRS2_
FNDA:0,_ZN9__gnu_cxx11char_traitsIcE4findEPKcyRS2_
FN:365,_ZNSt11char_traitsIcE6lengthEPKc
FNDA:0,_ZNSt11char_traitsIcE6lengthEPKc
FN:375,_ZNSt11char_traitsIcE4findEPKcyRS1_
FNDA:0,_ZNSt11char_traitsIcE4findEPKcyRS1_
DA:106,0
DA:107,0
DA:167,0
DA:170,0
DA:171,0
DA:172,0
DA:173,0
DA:178,0
DA:181,0
DA:182,0
DA:183,0
DA:184,0
DA:262,0
DA:365,0
DA:368,0
DA:369,0
DA:371,0
DA:375,0
DA:377,0
DA:378,0
DA:380,0
DA:382,0
DA:383,0
DA:385,0
end_of_record
SF:C:
Users
USER
Documents
UFMG
6
teste
testes_tp
build/C:/Qt/Tools/mingw1120_64/lib/gcc/x86_64-w64-mingw32/11.2.0/include/c++/bits/stl_iterator_base_funcs.h
FN:98,_ZSt10__distanceIPKcENSt15iterator_traitsIT_E15difference_typeES3_S3_St26random_access_iterator_tag
FNDA:0,_ZSt10__distanceIPKcENSt15iterator_traitsIT_E15difference_typeES3_S3_St26random_access_iterator_tag
FN:138,_ZSt8distanceIPKcENSt15iterator_traitsIT_E15difference_typeES3_S3_
FNDA:0,_ZSt8distanceIPKcENSt15iterator_traitsIT_E15difference_typeES3_S3_
FN:174,_ZSt9__advanceIPKcxEvRT_T0_St26random_access_iterator_tag
FNDA:0,_ZSt9__advanceIPKcxEvRT_T0_St26random_access_iterator_tag
FN:202,_ZSt7advanceIPKcxEvRT_T0_
FNDA:0,_ZSt7advanceIPKcxEvRT_T0_
FN:213,_ZSt4nextIPKcET_S2_NSt15iterator_traitsIS2_E15difference_typeE
FNDA:0,_ZSt4nextIPKcET_S2_NSt15iterator_traitsIS2_E15difference_typeE
DA:98,0
DA:104,0
DA:138,0
DA:141,0
DA:142,0
DA:174,0
DA:185,0
DA:186,0
DA:202,0
DA:205,0
DA:206,0
DA:207,0
DA:213,0
DA:218,0
DA:219,0
end_of_record
SF:C:
Users
USER
Documents
UFMG
6
teste
testes_tp
build/C:/Qt/6.6.0/mingw_64/include/QtCore/qflags.h
FN:73,_ZN6QFlagsIN2Qt13AlignmentFlagEEC1Ev
FNDA:0,_ZN6QFlagsIN2Qt13AlignmentFlagEEC1Ev
FN:73,_ZN6QFlagsIN2Qt10WindowTypeEEC1Ev
FNDA:0,_ZN6QFlagsIN2Qt10WindowTypeEEC1Ev
FN:74,_ZN6QFlagsIN11QMessageBox14StandardButtonEEC1ES1_
FNDA:0,_ZN6QFlagsIN11QMessageBox14StandardButtonEEC1ES1_
DA:73,0
DA:73,0
DA:74,0
end_of_record
SF:C:
Users
USER
Documents
UFMG
6
teste
testes_tp
build/C:/Qt/6.6.0/mingw_64/include/QtCore/qbytearrayview.h
FN:67,_ZN9QtPrivateL19lengthHelperPointerIcEExPKT_
FNDA:14,_ZN9QtPrivateL19lengthHelperPointerIcEExPKT_
FN:116,_ZN14QByteArrayView21lengthHelperCharArrayEPKcy
FNDA:0,_ZN14QByteArrayView21lengthHelperCharArrayEPKcy
FN:126,_ZN14QByteArrayView10castHelperEPKc
FNDA:0,_ZN14QByteArrayView10castHelperEPKc
FN:136,_ZN14QByteArrayViewC1IcLb1EEEPKT_x
FNDA:0,_ZN14QByteArrayViewC1IcLb1EEEPKT_x
FN:149,_ZN14QByteArrayViewC1IPKcLb1EEERKT_
FNDA:0,_ZN14QByteArrayViewC1IPKcLb1EEERKT_
FN:166,_ZN14QByteArrayViewC1ILy135EEERAT__Kc
FNDA:0,_ZN14QByteArrayViewC1ILy135EEERAT__Kc
FN:166,_ZN14QByteArrayViewC1ILy85EEERAT__Kc
FNDA:14,_ZN14QByteArrayViewC1ILy85EEERAT__Kc
FN:166,_ZN14QByteArrayViewC1ILy409EEERAT__Kc
FNDA:14,_ZN14QByteArrayViewC1ILy409EEERAT__Kc
FN:166,_ZN14QByteArrayViewC1ILy59EEERAT__Kc
FNDA:0,_ZN14QByteArrayViewC1ILy59EEERAT__Kc
FN:166,_ZN14QByteArrayViewC1ILy437EEERAT__Kc
FNDA:14,_ZN14QByteArrayViewC1ILy437EEERAT__Kc
FN:166,_ZN14QByteArrayViewC1ILy261EEERAT__Kc
FNDA:0,_ZN14QByteArrayViewC1ILy261EEERAT__Kc
DA:67,14
DA:69,14
DA:116,0
DA:118,0
DA:119,0
DA:120,0
DA:126,0
DA:127,0
DA:136,0
DA:137,0
DA:138,0
DA:149,0
DA:151,0
DA:166,0
DA:167,0
DA:166,14
DA:167,14
DA:166,14
DA:167,14
DA:166,0
DA:167,0
DA:166,14
DA:167,14
DA:166,0
DA:167,0
end_of_record
SF:C:
Users
USER
Documents
UFMG
6
teste
testes_tp
build/C:/Qt/6.6.0/mingw_64/include/QtCore/qstring.h
FN:180,_ZN7QStringaSEOS_
FNDA:0,_ZN7QStringaSEOS_
FN:181,_ZN7QString4swapERS_
FNDA:0,_ZN7QString4swapERS_
FN:182,_ZNK7QString4sizeEv
FNDA:0,_ZNK7QString4sizeEv
FN:188,_ZNK7QString7isEmptyEv
FNDA:0,_ZNK7QString7isEmptyEv
FN:582,_ZN7QString10fromLatin1EPKcx
FNDA:14,_ZN7QString10fromLatin1EPKcx
FN:782,_ZN7QStringC1EPKc
FNDA:0,_ZN7QStringC1EPKc
FN:1077,_ZN7QStringC1E13QLatin1String
FNDA:14,_ZN7QStringC1E13QLatin1String
FN:1085,_ZNK7QString4dataEv
FNDA:0,_ZNK7QString4dataEv
FN:1099,_ZNK7QString9constDataEv
FNDA:0,_ZNK7QString9constDataEv
FN:1107,_ZN7QStringC1ERKS_
FNDA:0,_ZN7QStringC1ERKS_
FN:1168,_ZN7QStringC1Ev
FNDA:0,_ZN7QStringC1Ev
FN:1169,_ZN7QStringD1Ev
FNDA:0,_ZN7QStringD1Ev
FN:1221,_ZNK7QStringeqEPKc
FNDA:0,_ZNK7QStringeqEPKc
DA:180,0
DA:181,0
DA:182,0
DA:188,0
DA:582,14
DA:584,14
DA:782,0
DA:783,0
DA:784,0
DA:1077,14
DA:1078,14
DA:1085,0
DA:1088,0
DA:1099,0
DA:1100,0
DA:1107,0
DA:1108,0
DA:1168,0
DA:1169,0
DA:1221,0
DA:1222,0
end_of_record
SF:C:
Users
USER
Documents
UFMG
6
teste
testes_tp
build/C:/Qt/Tools/mingw1120_64/lib/gcc/x86_64-w64-mingw32/11.2.0/include/c++/bits/atomic_base.h
FN:104,_ZStanSt12memory_orderSt23__memory_order_modifier
FNDA:0,_ZStanSt12memory_orderSt23__memory_order_modifier
DA:104,0
DA:106,0
DA:477,0
DA:481,0
DA:636,0
DA:646,0
end_of_record
TN:
SF:C:
Users
USER
Documents
UFMG
6
teste
testes_tp
build/..
main_app.cpp
FN:5,_Z8main_appiPPc
FNDA:0,_Z8main_appiPPc
DA:5,0
DA:7,0
DA:8,0
DA:9,0
DA:10,0
DA:11,0
end_of_record
TN:
SF:C:
Users
USER
Documents
UFMG
6
teste
testes_tp
build/C:/Qt/6.6.0/mingw_64/include/QtCore/qpair.h
FN:19,_Z9qMakePairIP15QTypedArrayDataI5QListI7QStringEEPS3_EDcOT_OT0_
FNDA:43,_Z9qMakePairIP15QTypedArrayDataI5QListI7QStringEEPS3_EDcOT_OT0_
FN:19,_Z9qMakePairIP15QTypedArrayDataI7QStringEPS1_EDcOT_OT0_
FNDA:0,_Z9qMakePairIP15QTypedArrayDataI7QStringEPS1_EDcOT_OT0_
DA:19,43
DA:22,43
DA:19,0
DA:22,0
end_of_record
SF:C:
Users
USER
Documents
UFMG
6
teste
testes_tp
build/C:/Qt/Tools/mingw1120_64/lib/gcc/x86_64-w64-mingw32/11.2.0/include/c++/bits/char_traits.h
FN:106,_ZN9__gnu_cxx11char_traitsIcE2eqERKcS3_
FNDA:0,_ZN9__gnu_cxx11char_traitsIcE2eqERKcS3_
FN:167,_ZN9__gnu_cxx11char_traitsIcE6lengthEPKc
FNDA:0,_ZN9__gnu_cxx11char_traitsIcE6lengthEPKc
FN:365,_ZNSt11char_traitsIcE6lengthEPKc
FNDA:0,_ZNSt11char_traitsIcE6lengthEPKc
DA:106,0
DA:107,0
DA:167,0
DA:170,0
DA:171,0
DA:172,0
DA:173,0
DA:262,0
DA:365,0
DA:368,0
DA:369,0
DA:371,0
end_of_record
SF:C:
Users
USER
Documents
UFMG
6
teste
testes_tp
build/C:/Qt/Tools/mingw1120_64/lib/gcc/x86_64-w64-mingw32/11.2.0/include/c++/initializer_list
FN:71,_ZNKSt16initializer_listI5QListI7QStringEE4sizeEv
FNDA:117,_ZNKSt16initializer_listI5QListI7QStringEE4sizeEv
FN:71,_ZNKSt16initializer_listI7QStringE4sizeEv
FNDA:0,_ZNKSt16initializer_listI7QStringE4sizeEv
FN:75,_ZNKSt16initializer_listI5QListI7QStringEE5beginEv
FNDA:78,_ZNKSt16initializer_listI5QListI7QStringEE5beginEv
FN:75,_ZNKSt16initializer_listI7QStringE5beginEv
FNDA:0,_ZNKSt16initializer_listI7QStringE5beginEv
FN:79,_ZNKSt16initializer_listI5QListI7QStringEE3endEv
FNDA:39,_ZNKSt16initializer_listI5QListI7QStringEE3endEv
FN:79,_ZNKSt16initializer_listI7QStringE3endEv
FNDA:0,_ZNKSt16initializer_listI7QStringE3endEv
DA:71,117
DA:71,0
DA:75,78
DA:75,0
DA:79,39
DA:79,0
end_of_record
SF:C:
Users
USER
Documents
UFMG
6
teste
testes_tp
build/C:/Qt/6.6.0/mingw_64/include/QtCore/qbytearrayview.h
FN:67,_ZN9QtPrivateL19lengthHelperPointerIcEExPKT_
FNDA:0,_ZN9QtPrivateL19lengthHelperPointerIcEExPKT_
FN:126,_ZN14QByteArrayView10castHelperEPKc
FNDA:0,_ZN14QByteArrayView10castHelperEPKc
FN:136,_ZN14QByteArrayViewC1IcLb1EEEPKT_x
FNDA:0,_ZN14QByteArrayViewC1IcLb1EEEPKT_x
FN:149,_ZN14QByteArrayViewC1IPKcLb1EEERKT_
FNDA:0,_ZN14QByteArrayViewC1IPKcLb1EEERKT_
DA:67,0
DA:69,0
DA:126,0
DA:127,0
DA:136,0
DA:137,0
DA:138,0
DA:149,0
DA:151,0
end_of_record
SF:C:
Users
USER
Documents
UFMG
6
teste
testes_tp
build/C:/Qt/Tools/mingw1120_64/lib/gcc/x86_64-w64-mingw32/11.2.0/include/c++/bits/atomic_base.h
FN:104,_ZStanSt12memory_orderSt23__memory_order_modifier
FNDA:0,_ZStanSt12memory_orderSt23__memory_order_modifier
DA:104,0
DA:106,0
DA:477,0
DA:481,0
DA:636,0
DA:646,0
end_of_record
SF:C:
Users
USER
Documents
UFMG
6
teste
testes_tp
build/C:/Qt/6.6.0/mingw_64/include/QtCore/qstring.h
FN:178,_ZN7QStringC1EOS_
FNDA:0,_ZN7QStringC1EOS_
FN:182,_ZNK7QString4sizeEv
FNDA:0,_ZNK7QString4sizeEv
FN:660,_ZNK7QString5toIntEPbi
FNDA:47,_ZNK7QString5toIntEPbi
FN:694,_ZeqRK7QStringS1_
FNDA:0,_ZeqRK7QStringS1_
FN:782,_ZN7QStringC1EPKc
FNDA:0,_ZN7QStringC1EPKc
FN:898,_ZNK7QString6isNullEv
FNDA:0,_ZNK7QString6isNullEv
FN:970,_ZN7QString17toIntegral_helperIiEET_11QStringViewPbi
FNDA:47,_ZN7QString17toIntegral_helperIiEET_11QStringViewPbi
FN:1085,_ZNK7QString4dataEv
FNDA:0,_ZNK7QString4dataEv
FN:1099,_ZNK7QString9constDataEv
FNDA:0,_ZNK7QString9constDataEv
FN:1107,_ZN7QStringC1ERKS_
FNDA:0,_ZN7QStringC1ERKS_
FN:1169,_ZN7QStringD1Ev
FNDA:0,_ZN7QStringD1Ev
FN:1223,_ZNK7QStringneEPKc
FNDA:0,_ZNK7QStringneEPKc
DA:178,0
DA:182,0
DA:660,47
DA:661,47
DA:694,0
DA:695,0
DA:782,0
DA:783,0
DA:784,0
DA:898,0
DA:970,47
DA:976,47
DA:977,47
DA:978,0
DA:979,0
DA:980,0
DA:982,47
DA:1085,0
DA:1088,0
DA:1099,0
DA:1100,0
DA:1107,0
DA:1108,0
DA:1169,0
DA:1223,0
DA:1224,0
end_of_record
SF:C:
Users
USER
Documents
UFMG
6
teste
testes_tp
build/..
mocked_agenda_de_contatos.cpp
FN:3,_ZN25mocked_agenda_de_contatosC2Ev
FNDA:29,_ZN25mocked_agenda_de_contatosC2Ev
FN:11,_ZN25mocked_agenda_de_contatos9fetchDataEv
FNDA:10,_ZN25mocked_agenda_de_contatos9fetchDataEv
FN:19,_ZN25mocked_agenda_de_contatos18adicionar_contatosERK7QStringS2_S2_S2_
FNDA:0,_ZN25mocked_agenda_de_contatos18adicionar_contatosERK7QStringS2_S2_S2_
FN:26,_ZN25mocked_agenda_de_contatos18atualizar_contatosEiRK7QStringS2_S2_S2_
FNDA:15,_ZN25mocked_agenda_de_contatos18atualizar_contatosEiRK7QStringS2_S2_S2_
FN:46,_ZNK25mocked_agenda_de_contatos15pesquisa_por_idEi
FNDA:15,_ZNK25mocked_agenda_de_contatos15pesquisa_por_idEi
FN:55,_ZNK25mocked_agenda_de_contatos17pesquisa_por_nomeE7QString
FNDA:1,_ZNK25mocked_agenda_de_contatos17pesquisa_por_nomeE7QString
FN:64,_ZNK25mocked_agenda_de_contatos20pesquisa_por_celularE7QString
FNDA:1,_ZNK25mocked_agenda_de_contatos20pesquisa_por_celularE7QString
FN:73,_ZNK25mocked_agenda_de_contatos18pesquisa_por_emailE7QString
FNDA:1,_ZNK25mocked_agenda_de_contatos18pesquisa_por_emailE7QString
FN:82,_ZNK25mocked_agenda_de_contatos22pesquisa_por_categoriaE7QString
FNDA:1,_ZNK25mocked_agenda_de_contatos22pesquisa_por_categoriaE7QString
FN:91,_ZN25mocked_agenda_de_contatos16excluir_contatosEi
FNDA:0,_ZN25mocked_agenda_de_contatos16excluir_contatosEi
DA:3,29
DA:4,667
DA:8,638
DA:9,29
DA:11,10
DA:16,190
DA:19,0
DA:20,0
DA:21,0
DA:22,0
DA:23,0
DA:26,15
DA:27,23
DA:28,23
DA:29,15
DA:30,8
DA:32,15
DA:33,8
DA:35,15
DA:36,8
DA:38,15
DA:39,8
DA:41,15
DA:44,15
DA:46,15
DA:47,23
DA:48,23
DA:49,15
DA:52,0
DA:55,1
DA:56,1
DA:57,1
DA:58,1
DA:61,0
DA:64,1
DA:65,1
DA:66,1
DA:67,1
DA:70,0
DA:73,1
DA:74,1
DA:75,1
DA:76,1
DA:79,0
DA:82,1
DA:83,1
DA:84,1
DA:85,1
DA:88,0
DA:91,0
DA:92,0
DA:93,0
DA:94,0
DA:97,0
end_of_record
SF:C:
Users
USER
Documents
UFMG
6
teste
testes_tp
build/C:/Qt/Tools/mingw1120_64/lib/gcc/x86_64-w64-mingw32/11.2.0/include/c++/bits/stl_iterator_base_funcs.h
FN:98,_ZSt10__distanceIPK7QStringENSt15iterator_traitsIT_E15difference_typeES4_S4_St26random_access_iterator_tag
FNDA:0,_ZSt10__distanceIPK7QStringENSt15iterator_traitsIT_E15difference_typeES4_S4_St26random_access_iterator_tag
FN:98,_ZSt10__distanceIPK5QListI7QStringEENSt15iterator_traitsIT_E15difference_typeES6_S6_St26random_access_iterator_tag
FNDA:0,_ZSt10__distanceIPK5QListI7QStringEENSt15iterator_traitsIT_E15difference_typeES6_S6_St26random_access_iterator_tag
FN:98,_ZSt10__distanceIN5QListIS0_I7QStringEE14const_iteratorEENSt15iterator_traitsIT_E15difference_typeES6_S6_St26random_access_iterator_tag
FNDA:0,_ZSt10__distanceIN5QListIS0_I7QStringEE14const_iteratorEENSt15iterator_traitsIT_E15difference_typeES6_S6_St26random_access_iterator_tag
FN:138,_ZSt8distanceIPK7QStringENSt15iterator_traitsIT_E15difference_typeES4_S4_
FNDA:0,_ZSt8distanceIPK7QStringENSt15iterator_traitsIT_E15difference_typeES4_S4_
FN:138,_ZSt8distanceIPK5QListI7QStringEENSt15iterator_traitsIT_E15difference_typeES6_S6_
FNDA:0,_ZSt8distanceIPK5QListI7QStringEENSt15iterator_traitsIT_E15difference_typeES6_S6_
FN:138,_ZSt8distanceIN5QListIS0_I7QStringEE14const_iteratorEENSt15iterator_traitsIT_E15difference_typeES6_S6_
FNDA:0,_ZSt8distanceIN5QListIS0_I7QStringEE14const_iteratorEENSt15iterator_traitsIT_E15difference_typeES6_S6_
DA:98,0
DA:104,0
DA:98,0
DA:104,0
DA:98,0
DA:104,0
DA:138,0
DA:141,0
DA:142,0
DA:138,0
DA:141,0
DA:142,0
DA:138,0
DA:141,0
DA:142,0
end_of_record
SF:C:
Users
USER
Documents
UFMG
6
teste
testes_tp
build/C:/Qt/Tools/mingw1120_64/lib/gcc/x86_64-w64-mingw32/11.2.0/include/c++/bits/stl_function.h
FN:433,_ZNKSt4lessIPK7QStringEclES2_S2_
FNDA:0,_ZNKSt4lessIPK7QStringEclES2_S2_
FN:433,_ZNKSt4lessIPK5QListI7QStringEEclES4_S4_
FNDA:0,_ZNKSt4lessIPK5QListI7QStringEEclES4_S4_
FN:592,_ZNKSt4lessIvEclIK7QStringS3_EEbPT_PT0_
FNDA:0,_ZNKSt4lessIvEclIK7QStringS3_EEbPT_PT0_
[...]
FN:170,_ZN5QTestL12sendKeyEventENS_9KeyActionEP7QWidgetN2Qt3KeyE7QString6QFlagsINS3_16KeyboardModifierEEi
FNDA:516,_ZN5QTestL12sendKeyEventENS_9KeyActionEP7QWidgetN2Qt3KeyE7QString6QFlagsINS3_16KeyboardModifierEEi
FN:243,_ZN5QTestL12sendKeyEventENS_9KeyActionEP7QWidgetN2Qt3KeyEc6QFlagsINS3_16KeyboardModifierEEi
FNDA:172,_ZN5QTestL12sendKeyEventENS_9KeyActionEP7QWidgetN2Qt3KeyEc6QFlagsINS3_16KeyboardModifierEEi
FN:252,_ZN5QTestL8keyEventENS_9KeyActionEP7QWidgetc6QFlagsIN2Qt16KeyboardModifierEEi
FNDA:171,_ZN5QTestL8keyEventENS_9KeyActionEP7QWidgetc6QFlagsIN2Qt16KeyboardModifierEEi
FN:255,_ZN5QTestL8keyEventENS_9KeyActionEP7QWidgetN2Qt3KeyE6QFlagsINS3_16KeyboardModifierEEi
FNDA:1,_ZN5QTestL8keyEventENS_9KeyActionEP7QWidgetN2Qt3KeyE6QFlagsINS3_16KeyboardModifierEEi
FN:259,_ZN5QTestL9keyClicksEP7QWidgetRK7QString6QFlagsIN2Qt16KeyboardModifierEEi
FNDA:19,_ZN5QTestL9keyClicksEP7QWidgetRK7QString6QFlagsIN2Qt16KeyboardModifierEEi
FN:276,_ZN5QTestL8keyClickEP7QWidgetN2Qt3KeyE6QFlagsINS2_16KeyboardModifierEEi
FNDA:1,_ZN5QTestL8keyClickEP7QWidgetN2Qt3KeyE6QFlagsINS2_16KeyboardModifierEEi
DA:39,0
DA:43,0
DA:44,0
DA:45,0
DA:46,0
DA:48,0
DA:51,0
DA:53,0
DA:54,0
DA:56,0
DA:59,0
DA:60,0
DA:61,0
DA:62,0
DA:63,0
DA:64,0
DA:65,0
DA:66,0
DA:68,0
DA:70,0
DA:71,0
DA:72,0
DA:73,0
DA:76,0
DA:77,0
DA:78,0
DA:80,0
DA:81,0
DA:83,0
DA:84,0
DA:85,0
DA:86,0
DA:87,0
DA:88,0
DA:89,0
DA:90,0
DA:91,0
DA:93,0
DA:94,0
DA:95,0
DA:96,0
DA:97,0
DA:99,0
DA:100,0
DA:101,0
DA:103,0
DA:104,0
DA:109,0
DA:112,0
DA:113,0
DA:114,0
DA:115,0
DA:116,0
DA:150,344
DA:153,344
DA:156,344
DA:157,344
DA:158,344
DA:159,0
DA:161,344
DA:162,344
DA:164,344
DA:165,0
DA:166,344
DA:167,0
DA:168,344
DA:170,516
DA:173,516
DA:175,516
DA:176,0
DA:177,516
DA:179,0
DA:180,0
DA:182,516
DA:183,0
DA:184,0
DA:185,0
DA:186,0
DA:189,516
DA:190,0
DA:191,516
DA:192,0
DA:194,516
DA:196,516
DA:197,172
DA:198,172
DA:199,172
DA:202,0
DA:204,172
DA:205,172
DA:206,172
DA:208,344
DA:210,344
DA:211,172
DA:212,0
DA:214,172
DA:215,0
DA:217,172
DA:218,0
DA:219,0
DA:220,172
DA:221,0
DA:222,0
DA:223,172
DA:224,172
DA:225,172
DA:227,172
DA:228,0
DA:229,172
DA:230,0
DA:231,0
DA:233,172
DA:234,0
DA:235,0
DA:237,172
DA:238,0
DA:243,172
DA:246,172
DA:247,172
DA:248,172
DA:249,172
DA:250,172
DA:252,171
DA:254,171
DA:255,1
DA:257,1
DA:259,19
DA:262,190
DA:263,171
DA:264,19
DA:276,1
DA:277,1
end_of_record
SF:C:
Users
USER
Documents
UFMG
6
teste
testes_tp
build/C:/Qt/Tools/mingw1120_64/lib/gcc/x86_64-w64-mingw32/11.2.0/include/c++/bits/atomic_base.h
FN:104,_ZStanSt12memory_orderSt23__memory_order_modifier
FNDA:2269,_ZStanSt12memory_orderSt23__memory_order_modifier
FN:338,_ZNSt13__atomic_baseIiEC2Ei
FNDA:14,_ZNSt13__atomic_baseIiEC2Ei
DA:104,2269
DA:106,2269
DA:338,14
DA:477,2269
DA:481,2269
DA:636,1674
DA:646,4267
end_of_record
SF:C:
Users
USER
Documents
UFMG
6
teste
testes_tp
build/C:/Qt/Tools/mingw1120_64/lib/gcc/x86_64-w64-mingw32/11.2.0/include/c++/bits/invoke.h
FN:60,_ZSt13__invoke_implIPcRZN5QTest8qCompareI7QStringA10_cEEbRKT_RKT0_PKcSC_SC_iEUlvE_JEES5_St14__invoke_otherOS8_DpOT1_
FNDA:0,_ZSt13__invoke_implIPcRZN5QTest8qCompareI7QStringA10_cEEbRKT_RKT0_PKcSC_SC_iEUlvE_JEES5_St14__invoke_otherOS8_DpOT1_
FN:60,_ZSt13__invoke_implIPcRZN5QTest8qCompareI7QStringA10_cEEbRKT_RKT0_PKcSC_SC_iEUlvE0_JEES5_St14__invoke_otherOS8_DpOT1_
FNDA:0,_ZSt13__invoke_implIPcRZN5QTest8qCompareI7QStringA10_cEEbRKT_RKT0_PKcSC_SC_iEUlvE0_JEES5_St14__invoke_otherOS8_DpOT1_
FN:60,_ZSt13__invoke_implIPcRZN5QTest8qCompareI7QStringA3_cEEbRKT_RKT0_PKcSC_SC_iEUlvE_JEES5_St14__invoke_otherOS8_DpOT1_
FNDA:0,_ZSt13__invoke_implIPcRZN5QTest8qCompareI7QStringA3_cEEbRKT_RKT0_PKcSC_SC_iEUlvE_JEES5_St14__invoke_otherOS8_DpOT1_
FN:60,_ZSt13__invoke_implIPcRZN5QTest8qCompareI7QStringA3_cEEbRKT_RKT0_PKcSC_SC_iEUlvE0_JEES5_St14__invoke_otherOS8_DpOT1_
FNDA:0,_ZSt13__invoke_implIPcRZN5QTest8qCompareI7QStringA3_cEEbRKT_RKT0_PKcSC_SC_iEUlvE0_JEES5_St14__invoke_otherOS8_DpOT1_
FN:60,_ZSt13__invoke_implIPcRZN5QTest8qCompareI7QStringA6_cEEbRKT_RKT0_PKcSC_SC_iEUlvE_JEES5_St14__invoke_otherOS8_DpOT1_
FNDA:0,_ZSt13__invoke_implIPcRZN5QTest8qCompareI7QStringA6_cEEbRKT_RKT0_PKcSC_SC_iEUlvE_JEES5_St14__invoke_otherOS8_DpOT1_
FN:60,_ZSt13__invoke_implIPcRZN5QTest8qCompareI7QStringA6_cEEbRKT_RKT0_PKcSC_SC_iEUlvE0_JEES5_St14__invoke_otherOS8_DpOT1_
FNDA:0,_ZSt13__invoke_implIPcRZN5QTest8qCompareI7QStringA6_cEEbRKT_RKT0_PKcSC_SC_iEUlvE0_JEES5_St14__invoke_otherOS8_DpOT1_
FN:60,_ZSt13__invoke_implIPcRZN5QTest8qCompareI7QStringA14_cEEbRKT_RKT0_PKcSC_SC_iEUlvE_JEES5_St14__invoke_otherOS8_DpOT1_
FNDA:0,_ZSt13__invoke_implIPcRZN5QTest8qCompareI7QStringA14_cEEbRKT_RKT0_PKcSC_SC_iEUlvE_JEES5_St14__invoke_otherOS8_DpOT1_
FN:60,_ZSt13__invoke_implIPcRZN5QTest8qCompareI7QStringA14_cEEbRKT_RKT0_PKcSC_SC_iEUlvE0_JEES5_St14__invoke_otherOS8_DpOT1_
FNDA:0,_ZSt13__invoke_implIPcRZN5QTest8qCompareI7QStringA14_cEEbRKT_RKT0_PKcSC_SC_iEUlvE0_JEES5_St14__invoke_otherOS8_DpOT1_
FN:60,_ZSt13__invoke_implIPcRZN5QTest8qCompareI7QStringA12_cEEbRKT_RKT0_PKcSC_SC_iEUlvE_JEES5_St14__invoke_otherOS8_DpOT1_
FNDA:0,_ZSt13__invoke_implIPcRZN5QTest8qCompareI7QStringA12_cEEbRKT_RKT0_PKcSC_SC_iEUlvE_JEES5_St14__invoke_otherOS8_DpOT1_
FN:60,_ZSt13__invoke_implIPcRZN5QTest8qCompareI7QStringA12_cEEbRKT_RKT0_PKcSC_SC_iEUlvE0_JEES5_St14__invoke_otherOS8_DpOT1_
FNDA:0,_ZSt13__invoke_implIPcRZN5QTest8qCompareI7QStringA12_cEEbRKT_RKT0_PKcSC_SC_iEUlvE0_JEES5_St14__invoke_otherOS8_DpOT1_
FN:60,_ZSt13__invoke_implIPcRZN5QTest8qCompareI7QStringA18_cEEbRKT_RKT0_PKcSC_SC_iEUlvE_JEES5_St14__invoke_otherOS8_DpOT1_
FNDA:0,_ZSt13__invoke_implIPcRZN5QTest8qCompareI7QStringA18_cEEbRKT_RKT0_PKcSC_SC_iEUlvE_JEES5_St14__invoke_otherOS8_DpOT1_
FN:60,_ZSt13__invoke_implIPcRZN5QTest8qCompareI7QStringA13_cEEbRKT_RKT0_PKcSC_SC_iEUlvE_JEES5_St14__invoke_otherOS8_DpOT1_
FNDA:0,_ZSt13__invoke_implIPcRZN5QTest8qCompareI7QStringA13_cEEbRKT_RKT0_PKcSC_SC_iEUlvE_JEES5_St14__invoke_otherOS8_DpOT1_
FN:60,_ZSt13__invoke_implIPcRZN5QTest8qCompareI7QStringA13_cEEbRKT_RKT0_PKcSC_SC_iEUlvE0_JEES5_St14__invoke_otherOS8_DpOT1_
FNDA:0,_ZSt13__invoke_implIPcRZN5QTest8qCompareI7QStringA13_cEEbRKT_RKT0_PKcSC_SC_iEUlvE0_JEES5_St14__invoke_otherOS8_DpOT1_
FN:60,_ZSt13__invoke_implIPcRZN5QTest8qCompareI7QStringA8_cEEbRKT_RKT0_PKcSC_SC_iEUlvE_JEES5_St14__invoke_otherOS8_DpOT1_
FNDA:0,_ZSt13__invoke_implIPcRZN5QTest8qCompareI7QStringA8_cEEbRKT_RKT0_PKcSC_SC_iEUlvE_JEES5_St14__invoke_otherOS8_DpOT1_
FN:60,_ZSt13__invoke_implIPcRZN5QTest8qCompareI7QStringA8_cEEbRKT_RKT0_PKcSC_SC_iEUlvE0_JEES5_St14__invoke_otherOS8_DpOT1_
FNDA:0,_ZSt13__invoke_implIPcRZN5QTest8qCompareI7QStringA8_cEEbRKT_RKT0_PKcSC_SC_iEUlvE0_JEES5_St14__invoke_otherOS8_DpOT1_
FN:60,_ZSt13__invoke_implIPcRZN5QTest8qCompareI7QStringA7_cEEbRKT_RKT0_PKcSC_SC_iEUlvE_JEES5_St14__invoke_otherOS8_DpOT1_
FNDA:0,_ZSt13__invoke_implIPcRZN5QTest8qCompareI7QStringA7_cEEbRKT_RKT0_PKcSC_SC_iEUlvE_JEES5_St14__invoke_otherOS8_DpOT1_
FN:60,_ZSt13__invoke_implIPcRZN5QTest8qCompareI7QStringA7_cEEbRKT_RKT0_PKcSC_SC_iEUlvE0_JEES5_St14__invoke_otherOS8_DpOT1_
FNDA:0,_ZSt13__invoke_implIPcRZN5QTest8qCompareI7QStringA7_cEEbRKT_RKT0_PKcSC_SC_iEUlvE0_JEES5_St14__invoke_otherOS8_DpOT1_
FN:60,_ZSt13__invoke_implIPcRZN5QTest8qCompareIbbEEbRKT_RKT0_PKcSA_SA_iEUlvE_JEES3_St14__invoke_otherOS6_DpOT1_
FNDA:0,_ZSt13__invoke_implIPcRZN5QTest8qCompareIbbEEbRKT_RKT0_PKcSA_SA_iEUlvE_JEES3_St14__invoke_otherOS6_DpOT1_
FN:60,_ZSt13__invoke_implIPcRZN5QTest8qCompareIbbEEbRKT_RKT0_PKcSA_SA_iEUlvE0_JEES3_St14__invoke_otherOS6_DpOT1_
FNDA:0,_ZSt13__invoke_implIPcRZN5QTest8qCompareIbbEEbRKT_RKT0_PKcSA_SA_iEUlvE0_JEES3_St14__invoke_otherOS6_DpOT1_
FN:60,_ZSt13__invoke_implIPcRZN5QTest8qCompareI7QStringA18_cEEbRKT_RKT0_PKcSC_SC_iEUlvE0_JEES5_St14__invoke_otherOS8_DpOT1_
FNDA:0,_ZSt13__invoke_implIPcRZN5QTest8qCompareI7QStringA18_cEEbRKT_RKT0_PKcSC_SC_iEUlvE0_JEES5_St14__invoke_otherOS8_DpOT1_
FN:90,_ZSt8__invokeIRZN5QTest8qCompareI7QStringA18_cEEbRKT_RKT0_PKcSB_SB_iEUlvE0_JEENSt15__invoke_resultIS4_JDpT0_EE4typeEOS4_DpOSF_
FNDA:0,_ZSt8__invokeIRZN5QTest8qCompareI7QStringA18_cEEbRKT_RKT0_PKcSB_SB_iEUlvE0_JEENSt15__invoke_resultIS4_JDpT0_EE4typeEOS4_DpOSF_
FN:90,_ZSt8__invokeIRZN5QTest8qCompareI7QStringA18_cEEbRKT_RKT0_PKcSB_SB_iEUlvE_JEENSt15__invoke_resultIS4_JDpT0_EE4typeEOS4_DpOSF_
FNDA:0,_ZSt8__invokeIRZN5QTest8qCompareI7QStringA18_cEEbRKT_RKT0_PKcSB_SB_iEUlvE_JEENSt15__invoke_resultIS4_JDpT0_EE4typeEOS4_DpOSF_
FN:90,_ZSt8__invokeIRZN5QTest8qCompareI7QStringA12_cEEbRKT_RKT0_PKcSB_SB_iEUlvE0_JEENSt15__invoke_resultIS4_JDpT0_EE4typeEOS4_DpOSF_
FNDA:0,_ZSt8__invokeIRZN5QTest8qCompareI7QStringA12_cEEbRKT_RKT0_PKcSB_SB_iEUlvE0_JEENSt15__invoke_resultIS4_JDpT0_EE4typeEOS4_DpOSF_
FN:90,_ZSt8__invokeIRZN5QTest8qCompareI7QStringA12_cEEbRKT_RKT0_PKcSB_SB_iEUlvE_JEENSt15__invoke_resultIS4_JDpT0_EE4typeEOS4_DpOSF_
FNDA:0,_ZSt8__invokeIRZN5QTest8qCompareI7QStringA12_cEEbRKT_RKT0_PKcSB_SB_iEUlvE_JEENSt15__invoke_resultIS4_JDpT0_EE4typeEOS4_DpOSF_
FN:90,_ZSt8__invokeIRZN5QTest8qCompareI7QStringA14_cEEbRKT_RKT0_PKcSB_SB_iEUlvE0_JEENSt15__invoke_resultIS4_JDpT0_EE4typeEOS4_DpOSF_
FNDA:0,_ZSt8__invokeIRZN5QTest8qCompareI7QStringA14_cEEbRKT_RKT0_PKcSB_SB_iEUlvE0_JEENSt15__invoke_resultIS4_JDpT0_EE4typeEOS4_DpOSF_
FN:90,_ZSt8__invokeIRZN5QTest8qCompareI7QStringA14_cEEbRKT_RKT0_PKcSB_SB_iEUlvE_JEENSt15__invoke_resultIS4_JDpT0_EE4typeEOS4_DpOSF_
FNDA:0,_ZSt8__invokeIRZN5QTest8qCompareI7QStringA14_cEEbRKT_RKT0_PKcSB_SB_iEUlvE_JEENSt15__invoke_resultIS4_JDpT0_EE4typeEOS4_DpOSF_
FN:90,_ZSt8__invokeIRZN5QTest8qCompareI7QStringA6_cEEbRKT_RKT0_PKcSB_SB_iEUlvE0_JEENSt15__invoke_resultIS4_JDpT0_EE4typeEOS4_DpOSF_
FNDA:0,_ZSt8__invokeIRZN5QTest8qCompareI7QStringA6_cEEbRKT_RKT0_PKcSB_SB_iEUlvE0_JEENSt15__invoke_resultIS4_JDpT0_EE4typeEOS4_DpOSF_
FN:90,_ZSt8__invokeIRZN5QTest8qCompareI7QStringA6_cEEbRKT_RKT0_PKcSB_SB_iEUlvE_JEENSt15__invoke_resultIS4_JDpT0_EE4typeEOS4_DpOSF_
FNDA:0,_ZSt8__invokeIRZN5QTest8qCompareI7QStringA6_cEEbRKT_RKT0_PKcSB_SB_iEUlvE_JEENSt15__invoke_resultIS4_JDpT0_EE4typeEOS4_DpOSF_
FN:90,_ZSt8__invokeIRZN5QTest8qCompareI7QStringA3_cEEbRKT_RKT0_PKcSB_SB_iEUlvE0_JEENSt15__invoke_resultIS4_JDpT0_EE4typeEOS4_DpOSF_
FNDA:0,_ZSt8__invokeIRZN5QTest8qCompareI7QStringA3_cEEbRKT_RKT0_PKcSB_SB_iEUlvE0_JEENSt15__invoke_resultIS4_JDpT0_EE4typeEOS4_DpOSF_
FN:90,_ZSt8__invokeIRZN5QTest8qCompareI7QStringA3_cEEbRKT_RKT0_PKcSB_SB_iEUlvE_JEENSt15__invoke_resultIS4_JDpT0_EE4typeEOS4_DpOSF_
FNDA:0,_ZSt8__invokeIRZN5QTest8qCompareI7QStringA3_cEEbRKT_RKT0_PKcSB_SB_iEUlvE_JEENSt15__invoke_resultIS4_JDpT0_EE4typeEOS4_DpOSF_
FN:90,_ZSt8__invokeIRZN5QTest8qCompareI7QStringA13_cEEbRKT_RKT0_PKcSB_SB_iEUlvE_JEENSt15__invoke_resultIS4_JDpT0_EE4typeEOS4_DpOSF_
FNDA:0,_ZSt8__invokeIRZN5QTest8qCompareI7QStringA13_cEEbRKT_RKT0_PKcSB_SB_iEUlvE_JEENSt15__invoke_resultIS4_JDpT0_EE4typeEOS4_DpOSF_
FN:90,_ZSt8__invokeIRZN5QTest8qCompareI7QStringA13_cEEbRKT_RKT0_PKcSB_SB_iEUlvE0_JEENSt15__invoke_resultIS4_JDpT0_EE4typeEOS4_DpOSF_
FNDA:0,_ZSt8__invokeIRZN5QTest8qCompareI7QStringA13_cEEbRKT_RKT0_PKcSB_SB_iEUlvE0_JEENSt15__invoke_resultIS4_JDpT0_EE4typeEOS4_DpOSF_
FN:90,_ZSt8__invokeIRZN5QTest8qCompareI7QStringA8_cEEbRKT_RKT0_PKcSB_SB_iEUlvE_JEENSt15__invoke_resultIS4_JDpT0_EE4typeEOS4_DpOSF_
FNDA:0,_ZSt8__invokeIRZN5QTest8qCompareI7QStringA8_cEEbRKT_RKT0_PKcSB_SB_iEUlvE_JEENSt15__invoke_resultIS4_JDpT0_EE4typeEOS4_DpOSF_
FN:90,_ZSt8__invokeIRZN5QTest8qCompareI7QStringA8_cEEbRKT_RKT0_PKcSB_SB_iEUlvE0_JEENSt15__invoke_resultIS4_JDpT0_EE4typeEOS4_DpOSF_
FNDA:0,_ZSt8__invokeIRZN5QTest8qCompareI7QStringA8_cEEbRKT_RKT0_PKcSB_SB_iEUlvE0_JEENSt15__invoke_resultIS4_JDpT0_EE4typeEOS4_DpOSF_
FN:90,_ZSt8__invokeIRZN5QTest8qCompareI7QStringA7_cEEbRKT_RKT0_PKcSB_SB_iEUlvE_JEENSt15__invoke_resultIS4_JDpT0_EE4typeEOS4_DpOSF_
FNDA:0,_ZSt8__invokeIRZN5QTest8qCompareI7QStringA7_cEEbRKT_RKT0_PKcSB_SB_iEUlvE_JEENSt15__invoke_resultIS4_JDpT0_EE4typeEOS4_DpOSF_
FN:90,_ZSt8__invokeIRZN5QTest8qCompareI7QStringA7_cEEbRKT_RKT0_PKcSB_SB_iEUlvE0_JEENSt15__invoke_resultIS4_JDpT0_EE4typeEOS4_DpOSF_
FNDA:0,_ZSt8__invokeIRZN5QTest8qCompareI7QStringA7_cEEbRKT_RKT0_PKcSB_SB_iEUlvE0_JEENSt15__invoke_resultIS4_JDpT0_EE4typeEOS4_DpOSF_
FN:90,_ZSt8__invokeIRZN5QTest8qCompareIbbEEbRKT_RKT0_PKcS9_S9_iEUlvE_JEENSt15__invoke_resultIS2_JDpT0_EE4typeEOS2_DpOSD_
FNDA:0,_ZSt8__invokeIRZN5QTest8qCompareIbbEEbRKT_RKT0_PKcS9_S9_iEUlvE_JEENSt15__invoke_resultIS2_JDpT0_EE4typeEOS2_DpOSD_
FN:90,_ZSt8__invokeIRZN5QTest8qCompareIbbEEbRKT_RKT0_PKcS9_S9_iEUlvE0_JEENSt15__invoke_resultIS2_JDpT0_EE4typeEOS2_DpOSD_
FNDA:0,_ZSt8__invokeIRZN5QTest8qCompareIbbEEbRKT_RKT0_PKcS9_S9_iEUlvE0_JEENSt15__invoke_resultIS2_JDpT0_EE4typeEOS2_DpOSD_
FN:90,_ZSt8__invokeIRZN5QTest8qCompareI7QStringA10_cEEbRKT_RKT0_PKcSB_SB_iEUlvE_JEENSt15__invoke_resultIS4_JDpT0_EE4typeEOS4_DpOSF_
FNDA:0,_ZSt8__invokeIRZN5QTest8qCompareI7QStringA10_cEEbRKT_RKT0_PKcSB_SB_iEUlvE_JEENSt15__invoke_resultIS4_JDpT0_EE4typeEOS4_DpOSF_
FN:90,_ZSt8__invokeIRZN5QTest8qCompareI7QStringA10_cEEbRKT_RKT0_PKcSB_SB_iEUlvE0_JEENSt15__invoke_resultIS4_JDpT0_EE4typeEOS4_DpOSF_
FNDA:0,_ZSt8__invokeIRZN5QTest8qCompareI7QStringA10_cEEbRKT_RKT0_PKcSB_SB_iEUlvE0_JEENSt15__invoke_resultIS4_JDpT0_EE4typeEOS4_DpOSF_
DA:60,0
DA:61,0
DA:60,0
DA:61,0
DA:60,0
DA:61,0
DA:60,0
DA:61,0
DA:60,0
DA:61,0
DA:60,0
DA:61,0
DA:60,0
DA:61,0
DA:60,0
DA:61,0
DA:60,0
DA:61,0
DA:60,0
DA:61,0
DA:60,0
DA:61,0
DA:60,0
DA:61,0
DA:60,0
DA:61,0
DA:60,0
DA:61,0
DA:60,0
DA:61,0
DA:60,0
DA:61,0
DA:60,0
DA:61,0
DA:60,0
DA:61,0
DA:60,0
DA:61,0
DA:60,0
DA:61,0
DA:90,0
DA:96,0
DA:97,0
DA:90,0
DA:96,0
DA:97,0
DA:90,0
DA:96,0
DA:97,0
DA:90,0
DA:96,0
DA:97,0
DA:90,0
DA:96,0
DA:97,0
DA:90,0
DA:96,0
DA:97,0
DA:90,0
DA:96,0
DA:97,0
DA:90,0
DA:96,0
DA:97,0
DA:90,0
DA:96,0
DA:97,0
DA:90,0
DA:96,0
DA:97,0
DA:90,0
DA:96,0
DA:97,0
DA:90,0
DA:96,0
DA:97,0
DA:90,0
DA:96,0
DA:97,0
DA:90,0
DA:96,0
DA:97,0
DA:90,0
DA:96,0
DA:97,0
DA:90,0
DA:96,0
DA:97,0
DA:90,0
DA:96,0
DA:97,0
DA:90,0
DA:96,0
DA:97,0
DA:90,0
DA:96,0
DA:97,0
DA:90,0
DA:96,0
DA:97,0
end_of_record
SF:C:
Users
USER
Documents
UFMG
6
teste
testes_tp
build/C:/Qt/6.6.0/mingw_64/include/QtCore/qbytearrayview.h
FN:67,_ZN9QtPrivateL19lengthHelperPointerIcEExPKT_
FNDA:954,_ZN9QtPrivateL19lengthHelperPointerIcEExPKT_
FN:126,_ZN14QByteArrayView10castHelperEPKc
FNDA:1251,_ZN14QByteArrayView10castHelperEPKc
FN:136,_ZN14QByteArrayViewC1IcLb1EEEPKT_x
FNDA:1251,_ZN14QByteArrayViewC1IcLb1EEEPKT_x
FN:149,_ZN14QByteArrayViewC1IPKcLb1EEERKT_
FNDA:954,_ZN14QByteArrayViewC1IPKcLb1EEERKT_
DA:67,954
DA:69,954
DA:126,1251
DA:127,1251
DA:136,1251
DA:137,1251
DA:138,1251
DA:149,954
DA:151,954
end_of_record
SF:C:
Users
USER
Documents
UFMG
6
teste
testes_tp
build/C:/Qt/Tools/mingw1120_64/lib/gcc/x86_64-w64-mingw32/11.2.0/include/c++/initializer_list
FN:71,_ZNKSt16initializer_listI7QStringE4sizeEv
FNDA:432,_ZNKSt16initializer_listI7QStringE4sizeEv
FN:75,_ZNKSt16initializer_listI7QStringE5beginEv
FNDA:288,_ZNKSt16initializer_listI7QStringE5beginEv
FN:79,_ZNKSt16initializer_listI7QStringE3endEv
FNDA:144,_ZNKSt16initializer_listI7QStringE3endEv
DA:71,432
DA:75,288
DA:79,144
end_of_record
SF:C:
Users
USER
Documents
UFMG
6
teste
testes_tp
build/C:/Qt/6.6.0/mingw_64/include/QtCore/qfunctionaltools_impl.h
FN:38,_ZNR9QtPrivate6detail14StorageByValueIM7QWidgetFvvEvE6objectEv
FNDA:14,_ZNR9QtPrivate6detail14StorageByValueIM7QWidgetFvvEvE6objectEv
DA:38,14
end_of_record
SF:C:
Users
USER
Documents
UFMG
6
teste
testes_tp
build/C:/Qt/Tools/mingw1120_64/lib/gcc/x86_64-w64-mingw32/11.2.0/include/c++/bits/stl_pair.h
FN:352,_ZNSt4pairIP15QTypedArrayDataI7QStringEPS1_EC1IS3_S4_Lb1EEEOT_OT0_
FNDA:177,_ZNSt4pairIP15QTypedArrayDataI7QStringEPS1_EC1IS3_S4_Lb1EEEOT_OT0_
FN:567,_ZSt9make_pairIP15QTypedArrayDataI7QStringEPS1_ESt4pairINSt25__strip_reference_wrapperINSt5decayIT_E4typeEE6__typeENS6_INS7_IT0_E4typeEE6__typeEEOS8_OSD_
FNDA:177,_ZSt9make_pairIP15QTypedArrayDataI7QStringEPS1_ESt4pairINSt25__strip_reference_wrapperINSt5decayIT_E4typeEE6__typeENS6_INS7_IT0_E4typeEE6__typeEEOS8_OSD_
DA:352,177
DA:353,177
DA:567,177
DA:572,177
end_of_record
SF:C:
Users
USER
Documents
UFMG
6
teste
testes_tp
build/C:/Qt/6.6.0/mingw_64/include/QtGui/qwindow.h
FN:205,_ZNK7QWindow5widthEv
FNDA:0,_ZNK7QWindow5widthEv
FN:206,_ZNK7QWindow6heightEv
FNDA:0,_ZNK7QWindow6heightEv
DA:205,0
DA:206,0
end_of_record
SF:C:
Users
USER
Documents
UFMG
6
teste
testes_tp
build/C:/Qt/Tools/mingw1120_64/lib/gcc/x86_64-w64-mingw32/11.2.0/include/c++/atomic
FN:825,_ZNSt6atomicIiEC1Ei
FNDA:14,_ZNSt6atomicIiEC1Ei
DA:825,14
end_of_record
SF:C:
Users
USER
Documents
UFMG
6
teste
testes_tp
build/C:/Qt/6.6.0/mingw_64/include/QtWidgets/qwidget.h
FN:874,_ZNK7QWidget9isVisibleEv
FNDA:14,_ZNK7QWidget9isVisibleEv
FN:889,_ZNK7QWidget4rectEv
FNDA:6,_ZNK7QWidget4rectEv
FN:910,_ZNK7QWidget13testAttributeEN2Qt15WidgetAttributeE
FNDA:14,_ZNK7QWidget13testAttributeEN2Qt15WidgetAttributeE
DA:874,14
DA:875,14
DA:889,6
DA:890,6
DA:910,14
DA:912,14
DA:913,14
DA:914,0
end_of_record
SF:C:
Users
USER
Documents
UFMG
6
teste
testes_tp
build/debug/tst_testes_de_unidade.moc
FN:536,_ZN17testes_de_unidade18qt_static_metacallEP7QObjectN11QMetaObject4CallEiPPv
FNDA:55,_ZN17testes_de_unidade18qt_static_metacallEP7QObjectN11QMetaObject4CallEiPPv
FN:603,_ZNK17testes_de_unidade10metaObjectEv
FNDA:63,_ZNK17testes_de_unidade10metaObjectEv
FN:608,_ZN17testes_de_unidade11qt_metacastEPKc
FNDA:0,_ZN17testes_de_unidade11qt_metacastEPKc
FN:616,_ZN17testes_de_unidade11qt_metacallEN11QMetaObject4CallEiPPv
FNDA:0,_ZN17testes_de_unidade11qt_metacallEN11QMetaObject4CallEiPPv
DA:536,55
DA:538,55
DA:539,55
DA:541,55
DA:542,1
DA:543,1
DA:544,1
DA:545,1
DA:546,1
DA:547,1
DA:548,1
DA:549,1
DA:550,1
DA:551,1
DA:552,1
DA:553,1
DA:554,1
DA:555,1
DA:556,1
DA:557,1
DA:558,1
DA:559,1
DA:560,1
DA:561,1
DA:562,1
DA:563,1
DA:564,1
DA:565,1
DA:566,1
DA:567,1
DA:568,1
DA:569,1
DA:570,1
DA:571,1
DA:572,1
DA:573,1
DA:574,1
DA:575,1
DA:576,1
DA:577,1
DA:578,1
DA:579,1
DA:580,1
DA:581,1
DA:582,1
DA:583,1
DA:584,1
DA:585,1
DA:586,1
DA:587,1
DA:588,1
DA:589,1
DA:590,1
DA:591,1
DA:592,1
DA:593,1
DA:594,1
DA:595,1
DA:596,1
DA:597,55
DA:601,55
DA:603,63
DA:605,63
DA:608,0
DA:610,0
DA:611,0
DA:612,0
DA:613,0
DA:616,0
DA:618,0
DA:619,0
DA:620,0
DA:621,0
DA:622,0
DA:623,0
DA:624,0
DA:625,0
DA:626,0
DA:627,0
DA:628,0
DA:630,0
end_of_record
SF:C:
Users
USER
Documents
UFMG
6
teste
testes_tp
build/C:/Qt/6.6.0/mingw_64/include/QtCore/qarraydata.h
FN:43,_ZNK10QArrayData22constAllocatedCapacityEv
FNDA:393,_ZNK10QArrayData22constAllocatedCapacityEv
FN:49,_ZN10QArrayData3refEv
FNDA:1674,_ZN10QArrayData3refEv
FN:56,_ZN10QArrayData5derefEv
FNDA:4095,_ZN10QArrayData5derefEv
FN:61,_ZNK10QArrayData8isSharedEv
FNDA:183,_ZNK10QArrayData8isSharedEv
FN:101,_ZN15QTypedArrayDataI7QStringE8allocateExN10QArrayData16AllocationOptionE
FNDA:155,_ZN15QTypedArrayDataI7QStringE8allocateExN10QArrayData16AllocationOptionE
FN:127,_ZN15QTypedArrayDataI7QStringE9dataStartEP10QArrayDatax
FNDA:309,_ZN15QTypedArrayDataI7QStringE9dataStartEP10QArrayDatax
DA:43,393
DA:45,393
DA:49,1674
DA:51,1674
DA:52,1674
DA:56,4095
DA:58,4095
DA:61,183
DA:63,183
DA:101,155
DA:105,155
DA:107,155
DA:109,155
DA:127,309
DA:130,309
DA:131,309
DA:132,309
DA:133,309
end_of_record
SF:C:
Users
USER
Documents
UFMG
6
teste
testes_tp
build/C:/Qt/6.6.0/mingw_64/include/QtCore/qpointer.h
FN:33,_ZN8QPointerI7QWidgetEC1EPS0_
FNDA:172,_ZN8QPointerI7QWidgetEC1EPS0_
FN:33,_ZN8QPointerI7QWindowEC1EPS0_
FNDA:0,_ZN8QPointerI7QWindowEC1EPS0_
FN:63,_ZNK8QPointerI7QWidgetE4dataEv
FNDA:172,_ZNK8QPointerI7QWidgetE4dataEv
FN:63,_ZNK8QPointerI7QWindowE4dataEv
FNDA:0,_ZNK8QPointerI7QWindowE4dataEv
FN:71,_ZNK8QPointerI7QWidgetEcvPS0_Ev
FNDA:172,_ZNK8QPointerI7QWidgetEcvPS0_Ev
FN:71,_ZNK8QPointerI7QWindowEcvPS0_Ev
FNDA:0,_ZNK8QPointerI7QWindowEcvPS0_Ev
DA:33,172
DA:33,0
DA:63,172
DA:64,172
DA:63,0
DA:64,0
DA:71,172
DA:72,172
DA:71,0
DA:72,0
end_of_record
SF:C:
Users
USER
Documents
UFMG
6
teste
testes_tp
build/C:/Qt/6.6.0/mingw_64/include/QtCore/qnamespace.h
FN:1059,_ZN2QtorENS_16KeyboardModifierES0_
FNDA:0,_ZN2QtorENS_16KeyboardModifierES0_
DA:1059,0
end_of_record
